<?xml version="1.0" encoding="UTF-8"?>
<testsuite xmlns:xsi="http://www.w3.org/2001/XMLSchema-instance" xsi:noNamespaceSchemaLocation="https://maven.apache.org/surefire/maven-surefire-plugin/xsd/surefire-test-report-3.0.xsd" version="3.0" name="testrunner.Testrun" time="31.477" tests="2" errors="0" skipped="0" failures="0">
  <properties>
    <property name="sun.desktop" value="windows"/>
    <property name="awt.toolkit" value="sun.awt.windows.WToolkit"/>
    <property name="java.specification.version" value="11"/>
    <property name="sun.cpu.isalist" value="amd64"/>
    <property name="sun.jnu.encoding" value="Cp1252"/>
    <property name="java.class.path" value="C:\Users\shiva\eclipse-workspace\com.bddFrameworks1\target\test-classes;C:\Users\shiva\eclipse-workspace\com.bddFrameworks1\target\classes;C:\Users\shiva\.m2\repository\junit\junit\4.11\junit-4.11.jar;C:\Users\shiva\.m2\repository\io\cucumber\cucumber-html\0.2.7\cucumber-html-0.2.7.jar;C:\Users\shiva\.m2\repository\net\sourceforge\cobertura\cobertura\2.1.1\cobertura-2.1.1.jar;C:\Users\shiva\.m2\repository\org\ow2\asm\asm\5.0.1\asm-5.0.1.jar;C:\Users\shiva\.m2\repository\org\ow2\asm\asm-tree\5.0.1\asm-tree-5.0.1.jar;C:\Users\shiva\.m2\repository\org\ow2\asm\asm-commons\5.0.1\asm-commons-5.0.1.jar;C:\Users\shiva\.m2\repository\org\ow2\asm\asm-util\5.0.1\asm-util-5.0.1.jar;C:\Users\shiva\.m2\repository\org\ow2\asm\asm-analysis\5.0.1\asm-analysis-5.0.1.jar;C:\Users\shiva\.m2\repository\oro\oro\2.0.8\oro-2.0.8.jar;C:\Users\shiva\.m2\repository\jaxen\jaxen\1.1.4\jaxen-1.1.4.jar;C:\Users\shiva\.m2\repository\org\apache\ant\ant\1.8.3\ant-1.8.3.jar;C:\Users\shiva\.m2\repository\org\apache\ant\ant-launcher\1.8.3\ant-launcher-1.8.3.jar;C:\Users\shiva\.m2\repository\org\apache\ant\ant-junit\1.8.3\ant-junit-1.8.3.jar;C:\Users\shiva\.m2\repository\org\mortbay\jetty\servlet-api-2.5\6.1.14\servlet-api-2.5-6.1.14.jar;C:\Users\shiva\.m2\repository\org\mortbay\jetty\jetty\6.1.14\jetty-6.1.14.jar;C:\Users\shiva\.m2\repository\org\mortbay\jetty\jetty-util\6.1.14\jetty-util-6.1.14.jar;C:\Users\shiva\.m2\repository\org\slf4j\slf4j-api\1.7.5\slf4j-api-1.7.5.jar;C:\Users\shiva\.m2\repository\ch\qos\logback\logback-classic\1.0.13\logback-classic-1.0.13.jar;C:\Users\shiva\.m2\repository\ch\qos\logback\logback-core\1.0.13\logback-core-1.0.13.jar;C:\Users\shiva\.m2\repository\org\apache\commons\commons-lang3\3.3.2\commons-lang3-3.3.2.jar;C:\Users\shiva\.m2\repository\io\cucumber\cucumber-java\7.3.4\cucumber-java-7.3.4.jar;C:\Users\shiva\.m2\repository\io\cucumber\cucumber-core\7.3.4\cucumber-core-7.3.4.jar;C:\Users\shiva\.m2\repository\io\cucumber\cucumber-gherkin\7.3.4\cucumber-gherkin-7.3.4.jar;C:\Users\shiva\.m2\repository\io\cucumber\cucumber-gherkin-messages\7.3.4\cucumber-gherkin-messages-7.3.4.jar;C:\Users\shiva\.m2\repository\io\cucumber\tag-expressions\4.1.0\tag-expressions-4.1.0.jar;C:\Users\shiva\.m2\repository\io\cucumber\cucumber-expressions\15.1.1\cucumber-expressions-15.1.1.jar;C:\Users\shiva\.m2\repository\io\cucumber\datatable\7.3.4\datatable-7.3.4.jar;C:\Users\shiva\.m2\repository\io\cucumber\cucumber-plugin\7.3.4\cucumber-plugin-7.3.4.jar;C:\Users\shiva\.m2\repository\io\cucumber\docstring\7.3.4\docstring-7.3.4.jar;C:\Users\shiva\.m2\repository\io\cucumber\html-formatter\19.1.0\html-formatter-19.1.0.jar;C:\Users\shiva\.m2\repository\io\cucumber\ci-environment\9.0.4\ci-environment-9.0.4.jar;C:\Users\shiva\.m2\repository\org\apiguardian\apiguardian-api\1.1.2\apiguardian-api-1.1.2.jar;C:\Users\shiva\.m2\repository\io\cucumber\cucumber-jvm-deps\1.0.6\cucumber-jvm-deps-1.0.6.jar;C:\Users\shiva\.m2\repository\net\masterthought\cucumber-reporting\5.7.1\cucumber-reporting-5.7.1.jar;C:\Users\shiva\.m2\repository\com\fasterxml\jackson\core\jackson-databind\2.13.2.2\jackson-databind-2.13.2.2.jar;C:\Users\shiva\.m2\repository\com\fasterxml\jackson\core\jackson-annotations\2.13.2\jackson-annotations-2.13.2.jar;C:\Users\shiva\.m2\repository\com\fasterxml\jackson\core\jackson-core\2.13.2\jackson-core-2.13.2.jar;C:\Users\shiva\.m2\repository\com\fasterxml\jackson\datatype\jackson-datatype-jsr310\2.13.2\jackson-datatype-jsr310-2.13.2.jar;C:\Users\shiva\.m2\repository\org\apache\velocity\velocity-engine-core\2.3\velocity-engine-core-2.3.jar;C:\Users\shiva\.m2\repository\commons-collections\commons-collections\3.2.2\commons-collections-3.2.2.jar;C:\Users\shiva\.m2\repository\joda-time\joda-time\2.10.14\joda-time-2.10.14.jar;C:\Users\shiva\.m2\repository\org\codehaus\plexus\plexus-utils\3.4.2\plexus-utils-3.4.2.jar;C:\Users\shiva\.m2\repository\org\jsoup\jsoup\1.15.1\jsoup-1.15.1.jar;C:\Users\shiva\.m2\repository\com\google\guava\guava\31.1-jre\guava-31.1-jre.jar;C:\Users\shiva\.m2\repository\com\google\guava\failureaccess\1.0.1\failureaccess-1.0.1.jar;C:\Users\shiva\.m2\repository\com\google\guava\listenablefuture\9999.0-empty-to-avoid-conflict-with-guava\listenablefuture-9999.0-empty-to-avoid-conflict-with-guava.jar;C:\Users\shiva\.m2\repository\com\google\code\findbugs\jsr305\3.0.2\jsr305-3.0.2.jar;C:\Users\shiva\.m2\repository\org\checkerframework\checker-qual\3.12.0\checker-qual-3.12.0.jar;C:\Users\shiva\.m2\repository\com\google\errorprone\error_prone_annotations\2.11.0\error_prone_annotations-2.11.0.jar;C:\Users\shiva\.m2\repository\com\google\j2objc\j2objc-annotations\1.3\j2objc-annotations-1.3.jar;C:\Users\shiva\.m2\repository\com\googlecode\owasp-java-html-sanitizer\owasp-java-html-sanitizer\20211018.2\owasp-java-html-sanitizer-20211018.2.jar;C:\Users\shiva\.m2\repository\commons-configuration\commons-configuration\1.10\commons-configuration-1.10.jar;C:\Users\shiva\.m2\repository\commons-lang\commons-lang\2.6\commons-lang-2.6.jar;C:\Users\shiva\.m2\repository\commons-logging\commons-logging\1.1.1\commons-logging-1.1.1.jar;C:\Users\shiva\.m2\repository\org\hamcrest\hamcrest-core\2.2\hamcrest-core-2.2.jar;C:\Users\shiva\.m2\repository\org\hamcrest\hamcrest\2.2\hamcrest-2.2.jar;C:\Users\shiva\.m2\repository\io\cucumber\gherkin\23.0.1\gherkin-23.0.1.jar;C:\Users\shiva\.m2\repository\io\cucumber\messages\18.0.0\messages-18.0.0.jar;C:\Users\shiva\.m2\repository\org\seleniumhq\selenium\selenium-java\4.11.0\selenium-java-4.11.0.jar;C:\Users\shiva\.m2\repository\org\seleniumhq\selenium\selenium-api\4.11.0\selenium-api-4.11.0.jar;C:\Users\shiva\.m2\repository\org\seleniumhq\selenium\selenium-chrome-driver\4.11.0\selenium-chrome-driver-4.11.0.jar;C:\Users\shiva\.m2\repository\com\google\auto\service\auto-service-annotations\1.0.1\auto-service-annotations-1.0.1.jar;C:\Users\shiva\.m2\repository\org\seleniumhq\selenium\selenium-chromium-driver\4.11.0\selenium-chromium-driver-4.11.0.jar;C:\Users\shiva\.m2\repository\org\seleniumhq\selenium\selenium-json\4.11.0\selenium-json-4.11.0.jar;C:\Users\shiva\.m2\repository\org\seleniumhq\selenium\selenium-manager\4.11.0\selenium-manager-4.11.0.jar;C:\Users\shiva\.m2\repository\org\seleniumhq\selenium\selenium-devtools-v113\4.11.0\selenium-devtools-v113-4.11.0.jar;C:\Users\shiva\.m2\repository\org\seleniumhq\selenium\selenium-devtools-v114\4.11.0\selenium-devtools-v114-4.11.0.jar;C:\Users\shiva\.m2\repository\org\seleniumhq\selenium\selenium-devtools-v115\4.11.0\selenium-devtools-v115-4.11.0.jar;C:\Users\shiva\.m2\repository\org\seleniumhq\selenium\selenium-devtools-v85\4.11.0\selenium-devtools-v85-4.11.0.jar;C:\Users\shiva\.m2\repository\org\seleniumhq\selenium\selenium-edge-driver\4.11.0\selenium-edge-driver-4.11.0.jar;C:\Users\shiva\.m2\repository\org\seleniumhq\selenium\selenium-firefox-driver\4.11.0\selenium-firefox-driver-4.11.0.jar;C:\Users\shiva\.m2\repository\org\seleniumhq\selenium\selenium-http\4.11.0\selenium-http-4.11.0.jar;C:\Users\shiva\.m2\repository\dev\failsafe\failsafe\3.3.1\failsafe-3.3.1.jar;C:\Users\shiva\.m2\repository\org\seleniumhq\selenium\selenium-ie-driver\4.11.0\selenium-ie-driver-4.11.0.jar;C:\Users\shiva\.m2\repository\org\seleniumhq\selenium\selenium-remote-driver\4.11.0\selenium-remote-driver-4.11.0.jar;C:\Users\shiva\.m2\repository\io\netty\netty-buffer\4.1.92.Final\netty-buffer-4.1.92.Final.jar;C:\Users\shiva\.m2\repository\io\netty\netty-codec-http\4.1.92.Final\netty-codec-http-4.1.92.Final.jar;C:\Users\shiva\.m2\repository\io\netty\netty-codec\4.1.92.Final\netty-codec-4.1.92.Final.jar;C:\Users\shiva\.m2\repository\io\netty\netty-handler\4.1.92.Final\netty-handler-4.1.92.Final.jar;C:\Users\shiva\.m2\repository\io\netty\netty-common\4.1.92.Final\netty-common-4.1.92.Final.jar;C:\Users\shiva\.m2\repository\io\netty\netty-transport-classes-epoll\4.1.92.Final\netty-transport-classes-epoll-4.1.92.Final.jar;C:\Users\shiva\.m2\repository\io\netty\netty-transport-classes-kqueue\4.1.92.Final\netty-transport-classes-kqueue-4.1.92.Final.jar;C:\Users\shiva\.m2\repository\io\netty\netty-transport-native-epoll\4.1.92.Final\netty-transport-native-epoll-4.1.92.Final.jar;C:\Users\shiva\.m2\repository\io\netty\netty-transport-native-kqueue\4.1.92.Final\netty-transport-native-kqueue-4.1.92.Final.jar;C:\Users\shiva\.m2\repository\io\netty\netty-transport-native-unix-common\4.1.92.Final\netty-transport-native-unix-common-4.1.92.Final.jar;C:\Users\shiva\.m2\repository\io\netty\netty-transport\4.1.92.Final\netty-transport-4.1.92.Final.jar;C:\Users\shiva\.m2\repository\io\netty\netty-resolver\4.1.92.Final\netty-resolver-4.1.92.Final.jar;C:\Users\shiva\.m2\repository\io\opentelemetry\opentelemetry-api\1.26.0\opentelemetry-api-1.26.0.jar;C:\Users\shiva\.m2\repository\io\opentelemetry\opentelemetry-context\1.26.0\opentelemetry-context-1.26.0.jar;C:\Users\shiva\.m2\repository\io\opentelemetry\opentelemetry-exporter-logging\1.26.0\opentelemetry-exporter-logging-1.26.0.jar;C:\Users\shiva\.m2\repository\io\opentelemetry\opentelemetry-sdk-metrics\1.26.0\opentelemetry-sdk-metrics-1.26.0.jar;C:\Users\shiva\.m2\repository\io\opentelemetry\opentelemetry-extension-incubator\1.26.0-alpha\opentelemetry-extension-incubator-1.26.0-alpha.jar;C:\Users\shiva\.m2\repository\io\opentelemetry\opentelemetry-sdk-logs\1.26.0-alpha\opentelemetry-sdk-logs-1.26.0-alpha.jar;C:\Users\shiva\.m2\repository\io\opentelemetry\opentelemetry-api-logs\1.26.0-alpha\opentelemetry-api-logs-1.26.0-alpha.jar;C:\Users\shiva\.m2\repository\io\opentelemetry\opentelemetry-api-events\1.26.0-alpha\opentelemetry-api-events-1.26.0-alpha.jar;C:\Users\shiva\.m2\repository\io\opentelemetry\opentelemetry-sdk-common\1.26.0\opentelemetry-sdk-common-1.26.0.jar;C:\Users\shiva\.m2\repository\io\opentelemetry\opentelemetry-sdk-extension-autoconfigure-spi\1.26.0\opentelemetry-sdk-extension-autoconfigure-spi-1.26.0.jar;C:\Users\shiva\.m2\repository\io\opentelemetry\opentelemetry-sdk-extension-autoconfigure\1.26.0-alpha\opentelemetry-sdk-extension-autoconfigure-1.26.0-alpha.jar;C:\Users\shiva\.m2\repository\io\opentelemetry\opentelemetry-sdk-trace\1.26.0\opentelemetry-sdk-trace-1.26.0.jar;C:\Users\shiva\.m2\repository\io\opentelemetry\opentelemetry-sdk\1.26.0\opentelemetry-sdk-1.26.0.jar;C:\Users\shiva\.m2\repository\io\opentelemetry\opentelemetry-semconv\1.26.0-alpha\opentelemetry-semconv-1.26.0-alpha.jar;C:\Users\shiva\.m2\repository\net\bytebuddy\byte-buddy\1.14.4\byte-buddy-1.14.4.jar;C:\Users\shiva\.m2\repository\org\apache\commons\commons-exec\1.3\commons-exec-1.3.jar;C:\Users\shiva\.m2\repository\org\asynchttpclient\async-http-client\2.12.3\async-http-client-2.12.3.jar;C:\Users\shiva\.m2\repository\org\asynchttpclient\async-http-client-netty-utils\2.12.3\async-http-client-netty-utils-2.12.3.jar;C:\Users\shiva\.m2\repository\io\netty\netty-codec-socks\4.1.60.Final\netty-codec-socks-4.1.60.Final.jar;C:\Users\shiva\.m2\repository\io\netty\netty-handler-proxy\4.1.60.Final\netty-handler-proxy-4.1.60.Final.jar;C:\Users\shiva\.m2\repository\io\netty\netty-transport-native-epoll\4.1.60.Final\netty-transport-native-epoll-4.1.60.Final-linux-x86_64.jar;C:\Users\shiva\.m2\repository\io\netty\netty-transport-native-kqueue\4.1.60.Final\netty-transport-native-kqueue-4.1.60.Final-osx-x86_64.jar;C:\Users\shiva\.m2\repository\org\reactivestreams\reactive-streams\1.0.3\reactive-streams-1.0.3.jar;C:\Users\shiva\.m2\repository\com\typesafe\netty\netty-reactive-streams\2.0.4\netty-reactive-streams-2.0.4.jar;C:\Users\shiva\.m2\repository\com\sun\activation\jakarta.activation\1.2.2\jakarta.activation-1.2.2.jar;C:\Users\shiva\.m2\repository\org\seleniumhq\selenium\selenium-safari-driver\4.11.0\selenium-safari-driver-4.11.0.jar;C:\Users\shiva\.m2\repository\org\seleniumhq\selenium\selenium-support\4.11.0\selenium-support-4.11.0.jar;C:\Users\shiva\.m2\repository\io\github\bonigarcia\webdrivermanager\5.7.0\webdrivermanager-5.7.0.jar;C:\Users\shiva\.m2\repository\com\google\code\gson\gson\2.10.1\gson-2.10.1.jar;C:\Users\shiva\.m2\repository\com\github\docker-java\docker-java\3.3.5\docker-java-3.3.5.jar;C:\Users\shiva\.m2\repository\com\github\docker-java\docker-java-core\3.3.5\docker-java-core-3.3.5.jar;C:\Users\shiva\.m2\repository\com\github\docker-java\docker-java-api\3.3.5\docker-java-api-3.3.5.jar;C:\Users\shiva\.m2\repository\org\bouncycastle\bcpkix-jdk18on\1.76\bcpkix-jdk18on-1.76.jar;C:\Users\shiva\.m2\repository\org\bouncycastle\bcprov-jdk18on\1.76\bcprov-jdk18on-1.76.jar;C:\Users\shiva\.m2\repository\org\bouncycastle\bcutil-jdk18on\1.76\bcutil-jdk18on-1.76.jar;C:\Users\shiva\.m2\repository\org\slf4j\jcl-over-slf4j\1.7.30\jcl-over-slf4j-1.7.30.jar;C:\Users\shiva\.m2\repository\com\github\docker-java\docker-java-transport-httpclient5\3.3.5\docker-java-transport-httpclient5-3.3.5.jar;C:\Users\shiva\.m2\repository\com\github\docker-java\docker-java-transport\3.3.5\docker-java-transport-3.3.5.jar;C:\Users\shiva\.m2\repository\net\java\dev\jna\jna\5.13.0\jna-5.13.0.jar;C:\Users\shiva\.m2\repository\org\brotli\dec\0.1.2\dec-0.1.2.jar;C:\Users\shiva\.m2\repository\org\apache\commons\commons-compress\1.26.0\commons-compress-1.26.0.jar;C:\Users\shiva\.m2\repository\org\apache\httpcomponents\client5\httpclient5\5.2.1\httpclient5-5.2.1.jar;C:\Users\shiva\.m2\repository\org\apache\httpcomponents\core5\httpcore5\5.2\httpcore5-5.2.jar;C:\Users\shiva\.m2\repository\org\apache\httpcomponents\core5\httpcore5-h2\5.2\httpcore5-h2-5.2.jar;C:\Program Files\Java\jdk-11\lib\tools-1.5.0.jar;C:\Users\shiva\.m2\repository\commons-io\commons-io\2.11.0\commons-io-2.11.0.jar;C:\Users\shiva\.m2\repository\org\apache\logging\log4j\log4j-core\2.17.2\log4j-core-2.17.2.jar;C:\Users\shiva\.m2\repository\org\apache\logging\log4j\log4j-api\2.17.2\log4j-api-2.17.2.jar;C:\Users\shiva\.m2\repository\io\cucumber\cucumber-junit\7.11.0\cucumber-junit-7.11.0.jar;"/>
    <property name="java.vm.vendor" value="Amazon.com Inc."/>
    <property name="sun.arch.data.model" value="64"/>
    <property name="user.variant" value=""/>
    <property name="java.vendor.url" value="https://aws.amazon.com/corretto/"/>
    <property name="user.timezone" value="Asia/Calcutta"/>
    <property name="java.vm.specification.version" value="11"/>
    <property name="os.name" value="Windows 11"/>
    <property name="sun.java.launcher" value="SUN_STANDARD"/>
    <property name="user.country" value="IN"/>
    <property name="sun.boot.library.path" value="C:\Program Files\Amazon Corretto\jdk11.0.19_7\bin"/>
    <property name="sun.java.command" value="C:\Users\shiva\AppData\Local\Temp\surefire6022411726733242511\surefirebooter-20240320221228427_3.jar C:\Users\shiva\AppData\Local\Temp\surefire6022411726733242511 2024-03-20T22-12-27_929-jvmRun1 surefire-20240320221228427_1tmp surefire_0-20240320221228427_2tmp"/>
    <property name="jdk.debug" value="release"/>
    <property name="surefire.test.class.path" value="C:\Users\shiva\eclipse-workspace\com.bddFrameworks1\target\test-classes;C:\Users\shiva\eclipse-workspace\com.bddFrameworks1\target\classes;C:\Users\shiva\.m2\repository\junit\junit\4.11\junit-4.11.jar;C:\Users\shiva\.m2\repository\io\cucumber\cucumber-html\0.2.7\cucumber-html-0.2.7.jar;C:\Users\shiva\.m2\repository\net\sourceforge\cobertura\cobertura\2.1.1\cobertura-2.1.1.jar;C:\Users\shiva\.m2\repository\org\ow2\asm\asm\5.0.1\asm-5.0.1.jar;C:\Users\shiva\.m2\repository\org\ow2\asm\asm-tree\5.0.1\asm-tree-5.0.1.jar;C:\Users\shiva\.m2\repository\org\ow2\asm\asm-commons\5.0.1\asm-commons-5.0.1.jar;C:\Users\shiva\.m2\repository\org\ow2\asm\asm-util\5.0.1\asm-util-5.0.1.jar;C:\Users\shiva\.m2\repository\org\ow2\asm\asm-analysis\5.0.1\asm-analysis-5.0.1.jar;C:\Users\shiva\.m2\repository\oro\oro\2.0.8\oro-2.0.8.jar;C:\Users\shiva\.m2\repository\jaxen\jaxen\1.1.4\jaxen-1.1.4.jar;C:\Users\shiva\.m2\repository\org\apache\ant\ant\1.8.3\ant-1.8.3.jar;C:\Users\shiva\.m2\repository\org\apache\ant\ant-launcher\1.8.3\ant-launcher-1.8.3.jar;C:\Users\shiva\.m2\repository\org\apache\ant\ant-junit\1.8.3\ant-junit-1.8.3.jar;C:\Users\shiva\.m2\repository\org\mortbay\jetty\servlet-api-2.5\6.1.14\servlet-api-2.5-6.1.14.jar;C:\Users\shiva\.m2\repository\org\mortbay\jetty\jetty\6.1.14\jetty-6.1.14.jar;C:\Users\shiva\.m2\repository\org\mortbay\jetty\jetty-util\6.1.14\jetty-util-6.1.14.jar;C:\Users\shiva\.m2\repository\org\slf4j\slf4j-api\1.7.5\slf4j-api-1.7.5.jar;C:\Users\shiva\.m2\repository\ch\qos\logback\logback-classic\1.0.13\logback-classic-1.0.13.jar;C:\Users\shiva\.m2\repository\ch\qos\logback\logback-core\1.0.13\logback-core-1.0.13.jar;C:\Users\shiva\.m2\repository\org\apache\commons\commons-lang3\3.3.2\commons-lang3-3.3.2.jar;C:\Users\shiva\.m2\repository\io\cucumber\cucumber-java\7.3.4\cucumber-java-7.3.4.jar;C:\Users\shiva\.m2\repository\io\cucumber\cucumber-core\7.3.4\cucumber-core-7.3.4.jar;C:\Users\shiva\.m2\repository\io\cucumber\cucumber-gherkin\7.3.4\cucumber-gherkin-7.3.4.jar;C:\Users\shiva\.m2\repository\io\cucumber\cucumber-gherkin-messages\7.3.4\cucumber-gherkin-messages-7.3.4.jar;C:\Users\shiva\.m2\repository\io\cucumber\tag-expressions\4.1.0\tag-expressions-4.1.0.jar;C:\Users\shiva\.m2\repository\io\cucumber\cucumber-expressions\15.1.1\cucumber-expressions-15.1.1.jar;C:\Users\shiva\.m2\repository\io\cucumber\datatable\7.3.4\datatable-7.3.4.jar;C:\Users\shiva\.m2\repository\io\cucumber\cucumber-plugin\7.3.4\cucumber-plugin-7.3.4.jar;C:\Users\shiva\.m2\repository\io\cucumber\docstring\7.3.4\docstring-7.3.4.jar;C:\Users\shiva\.m2\repository\io\cucumber\html-formatter\19.1.0\html-formatter-19.1.0.jar;C:\Users\shiva\.m2\repository\io\cucumber\ci-environment\9.0.4\ci-environment-9.0.4.jar;C:\Users\shiva\.m2\repository\org\apiguardian\apiguardian-api\1.1.2\apiguardian-api-1.1.2.jar;C:\Users\shiva\.m2\repository\io\cucumber\cucumber-jvm-deps\1.0.6\cucumber-jvm-deps-1.0.6.jar;C:\Users\shiva\.m2\repository\net\masterthought\cucumber-reporting\5.7.1\cucumber-reporting-5.7.1.jar;C:\Users\shiva\.m2\repository\com\fasterxml\jackson\core\jackson-databind\2.13.2.2\jackson-databind-2.13.2.2.jar;C:\Users\shiva\.m2\repository\com\fasterxml\jackson\core\jackson-annotations\2.13.2\jackson-annotations-2.13.2.jar;C:\Users\shiva\.m2\repository\com\fasterxml\jackson\core\jackson-core\2.13.2\jackson-core-2.13.2.jar;C:\Users\shiva\.m2\repository\com\fasterxml\jackson\datatype\jackson-datatype-jsr310\2.13.2\jackson-datatype-jsr310-2.13.2.jar;C:\Users\shiva\.m2\repository\org\apache\velocity\velocity-engine-core\2.3\velocity-engine-core-2.3.jar;C:\Users\shiva\.m2\repository\commons-collections\commons-collections\3.2.2\commons-collections-3.2.2.jar;C:\Users\shiva\.m2\repository\joda-time\joda-time\2.10.14\joda-time-2.10.14.jar;C:\Users\shiva\.m2\repository\org\codehaus\plexus\plexus-utils\3.4.2\plexus-utils-3.4.2.jar;C:\Users\shiva\.m2\repository\org\jsoup\jsoup\1.15.1\jsoup-1.15.1.jar;C:\Users\shiva\.m2\repository\com\google\guava\guava\31.1-jre\guava-31.1-jre.jar;C:\Users\shiva\.m2\repository\com\google\guava\failureaccess\1.0.1\failureaccess-1.0.1.jar;C:\Users\shiva\.m2\repository\com\google\guava\listenablefuture\9999.0-empty-to-avoid-conflict-with-guava\listenablefuture-9999.0-empty-to-avoid-conflict-with-guava.jar;C:\Users\shiva\.m2\repository\com\google\code\findbugs\jsr305\3.0.2\jsr305-3.0.2.jar;C:\Users\shiva\.m2\repository\org\checkerframework\checker-qual\3.12.0\checker-qual-3.12.0.jar;C:\Users\shiva\.m2\repository\com\google\errorprone\error_prone_annotations\2.11.0\error_prone_annotations-2.11.0.jar;C:\Users\shiva\.m2\repository\com\google\j2objc\j2objc-annotations\1.3\j2objc-annotations-1.3.jar;C:\Users\shiva\.m2\repository\com\googlecode\owasp-java-html-sanitizer\owasp-java-html-sanitizer\20211018.2\owasp-java-html-sanitizer-20211018.2.jar;C:\Users\shiva\.m2\repository\commons-configuration\commons-configuration\1.10\commons-configuration-1.10.jar;C:\Users\shiva\.m2\repository\commons-lang\commons-lang\2.6\commons-lang-2.6.jar;C:\Users\shiva\.m2\repository\commons-logging\commons-logging\1.1.1\commons-logging-1.1.1.jar;C:\Users\shiva\.m2\repository\org\hamcrest\hamcrest-core\2.2\hamcrest-core-2.2.jar;C:\Users\shiva\.m2\repository\org\hamcrest\hamcrest\2.2\hamcrest-2.2.jar;C:\Users\shiva\.m2\repository\io\cucumber\gherkin\23.0.1\gherkin-23.0.1.jar;C:\Users\shiva\.m2\repository\io\cucumber\messages\18.0.0\messages-18.0.0.jar;C:\Users\shiva\.m2\repository\org\seleniumhq\selenium\selenium-java\4.11.0\selenium-java-4.11.0.jar;C:\Users\shiva\.m2\repository\org\seleniumhq\selenium\selenium-api\4.11.0\selenium-api-4.11.0.jar;C:\Users\shiva\.m2\repository\org\seleniumhq\selenium\selenium-chrome-driver\4.11.0\selenium-chrome-driver-4.11.0.jar;C:\Users\shiva\.m2\repository\com\google\auto\service\auto-service-annotations\1.0.1\auto-service-annotations-1.0.1.jar;C:\Users\shiva\.m2\repository\org\seleniumhq\selenium\selenium-chromium-driver\4.11.0\selenium-chromium-driver-4.11.0.jar;C:\Users\shiva\.m2\repository\org\seleniumhq\selenium\selenium-json\4.11.0\selenium-json-4.11.0.jar;C:\Users\shiva\.m2\repository\org\seleniumhq\selenium\selenium-manager\4.11.0\selenium-manager-4.11.0.jar;C:\Users\shiva\.m2\repository\org\seleniumhq\selenium\selenium-devtools-v113\4.11.0\selenium-devtools-v113-4.11.0.jar;C:\Users\shiva\.m2\repository\org\seleniumhq\selenium\selenium-devtools-v114\4.11.0\selenium-devtools-v114-4.11.0.jar;C:\Users\shiva\.m2\repository\org\seleniumhq\selenium\selenium-devtools-v115\4.11.0\selenium-devtools-v115-4.11.0.jar;C:\Users\shiva\.m2\repository\org\seleniumhq\selenium\selenium-devtools-v85\4.11.0\selenium-devtools-v85-4.11.0.jar;C:\Users\shiva\.m2\repository\org\seleniumhq\selenium\selenium-edge-driver\4.11.0\selenium-edge-driver-4.11.0.jar;C:\Users\shiva\.m2\repository\org\seleniumhq\selenium\selenium-firefox-driver\4.11.0\selenium-firefox-driver-4.11.0.jar;C:\Users\shiva\.m2\repository\org\seleniumhq\selenium\selenium-http\4.11.0\selenium-http-4.11.0.jar;C:\Users\shiva\.m2\repository\dev\failsafe\failsafe\3.3.1\failsafe-3.3.1.jar;C:\Users\shiva\.m2\repository\org\seleniumhq\selenium\selenium-ie-driver\4.11.0\selenium-ie-driver-4.11.0.jar;C:\Users\shiva\.m2\repository\org\seleniumhq\selenium\selenium-remote-driver\4.11.0\selenium-remote-driver-4.11.0.jar;C:\Users\shiva\.m2\repository\io\netty\netty-buffer\4.1.92.Final\netty-buffer-4.1.92.Final.jar;C:\Users\shiva\.m2\repository\io\netty\netty-codec-http\4.1.92.Final\netty-codec-http-4.1.92.Final.jar;C:\Users\shiva\.m2\repository\io\netty\netty-codec\4.1.92.Final\netty-codec-4.1.92.Final.jar;C:\Users\shiva\.m2\repository\io\netty\netty-handler\4.1.92.Final\netty-handler-4.1.92.Final.jar;C:\Users\shiva\.m2\repository\io\netty\netty-common\4.1.92.Final\netty-common-4.1.92.Final.jar;C:\Users\shiva\.m2\repository\io\netty\netty-transport-classes-epoll\4.1.92.Final\netty-transport-classes-epoll-4.1.92.Final.jar;C:\Users\shiva\.m2\repository\io\netty\netty-transport-classes-kqueue\4.1.92.Final\netty-transport-classes-kqueue-4.1.92.Final.jar;C:\Users\shiva\.m2\repository\io\netty\netty-transport-native-epoll\4.1.92.Final\netty-transport-native-epoll-4.1.92.Final.jar;C:\Users\shiva\.m2\repository\io\netty\netty-transport-native-kqueue\4.1.92.Final\netty-transport-native-kqueue-4.1.92.Final.jar;C:\Users\shiva\.m2\repository\io\netty\netty-transport-native-unix-common\4.1.92.Final\netty-transport-native-unix-common-4.1.92.Final.jar;C:\Users\shiva\.m2\repository\io\netty\netty-transport\4.1.92.Final\netty-transport-4.1.92.Final.jar;C:\Users\shiva\.m2\repository\io\netty\netty-resolver\4.1.92.Final\netty-resolver-4.1.92.Final.jar;C:\Users\shiva\.m2\repository\io\opentelemetry\opentelemetry-api\1.26.0\opentelemetry-api-1.26.0.jar;C:\Users\shiva\.m2\repository\io\opentelemetry\opentelemetry-context\1.26.0\opentelemetry-context-1.26.0.jar;C:\Users\shiva\.m2\repository\io\opentelemetry\opentelemetry-exporter-logging\1.26.0\opentelemetry-exporter-logging-1.26.0.jar;C:\Users\shiva\.m2\repository\io\opentelemetry\opentelemetry-sdk-metrics\1.26.0\opentelemetry-sdk-metrics-1.26.0.jar;C:\Users\shiva\.m2\repository\io\opentelemetry\opentelemetry-extension-incubator\1.26.0-alpha\opentelemetry-extension-incubator-1.26.0-alpha.jar;C:\Users\shiva\.m2\repository\io\opentelemetry\opentelemetry-sdk-logs\1.26.0-alpha\opentelemetry-sdk-logs-1.26.0-alpha.jar;C:\Users\shiva\.m2\repository\io\opentelemetry\opentelemetry-api-logs\1.26.0-alpha\opentelemetry-api-logs-1.26.0-alpha.jar;C:\Users\shiva\.m2\repository\io\opentelemetry\opentelemetry-api-events\1.26.0-alpha\opentelemetry-api-events-1.26.0-alpha.jar;C:\Users\shiva\.m2\repository\io\opentelemetry\opentelemetry-sdk-common\1.26.0\opentelemetry-sdk-common-1.26.0.jar;C:\Users\shiva\.m2\repository\io\opentelemetry\opentelemetry-sdk-extension-autoconfigure-spi\1.26.0\opentelemetry-sdk-extension-autoconfigure-spi-1.26.0.jar;C:\Users\shiva\.m2\repository\io\opentelemetry\opentelemetry-sdk-extension-autoconfigure\1.26.0-alpha\opentelemetry-sdk-extension-autoconfigure-1.26.0-alpha.jar;C:\Users\shiva\.m2\repository\io\opentelemetry\opentelemetry-sdk-trace\1.26.0\opentelemetry-sdk-trace-1.26.0.jar;C:\Users\shiva\.m2\repository\io\opentelemetry\opentelemetry-sdk\1.26.0\opentelemetry-sdk-1.26.0.jar;C:\Users\shiva\.m2\repository\io\opentelemetry\opentelemetry-semconv\1.26.0-alpha\opentelemetry-semconv-1.26.0-alpha.jar;C:\Users\shiva\.m2\repository\net\bytebuddy\byte-buddy\1.14.4\byte-buddy-1.14.4.jar;C:\Users\shiva\.m2\repository\org\apache\commons\commons-exec\1.3\commons-exec-1.3.jar;C:\Users\shiva\.m2\repository\org\asynchttpclient\async-http-client\2.12.3\async-http-client-2.12.3.jar;C:\Users\shiva\.m2\repository\org\asynchttpclient\async-http-client-netty-utils\2.12.3\async-http-client-netty-utils-2.12.3.jar;C:\Users\shiva\.m2\repository\io\netty\netty-codec-socks\4.1.60.Final\netty-codec-socks-4.1.60.Final.jar;C:\Users\shiva\.m2\repository\io\netty\netty-handler-proxy\4.1.60.Final\netty-handler-proxy-4.1.60.Final.jar;C:\Users\shiva\.m2\repository\io\netty\netty-transport-native-epoll\4.1.60.Final\netty-transport-native-epoll-4.1.60.Final-linux-x86_64.jar;C:\Users\shiva\.m2\repository\io\netty\netty-transport-native-kqueue\4.1.60.Final\netty-transport-native-kqueue-4.1.60.Final-osx-x86_64.jar;C:\Users\shiva\.m2\repository\org\reactivestreams\reactive-streams\1.0.3\reactive-streams-1.0.3.jar;C:\Users\shiva\.m2\repository\com\typesafe\netty\netty-reactive-streams\2.0.4\netty-reactive-streams-2.0.4.jar;C:\Users\shiva\.m2\repository\com\sun\activation\jakarta.activation\1.2.2\jakarta.activation-1.2.2.jar;C:\Users\shiva\.m2\repository\org\seleniumhq\selenium\selenium-safari-driver\4.11.0\selenium-safari-driver-4.11.0.jar;C:\Users\shiva\.m2\repository\org\seleniumhq\selenium\selenium-support\4.11.0\selenium-support-4.11.0.jar;C:\Users\shiva\.m2\repository\io\github\bonigarcia\webdrivermanager\5.7.0\webdrivermanager-5.7.0.jar;C:\Users\shiva\.m2\repository\com\google\code\gson\gson\2.10.1\gson-2.10.1.jar;C:\Users\shiva\.m2\repository\com\github\docker-java\docker-java\3.3.5\docker-java-3.3.5.jar;C:\Users\shiva\.m2\repository\com\github\docker-java\docker-java-core\3.3.5\docker-java-core-3.3.5.jar;C:\Users\shiva\.m2\repository\com\github\docker-java\docker-java-api\3.3.5\docker-java-api-3.3.5.jar;C:\Users\shiva\.m2\repository\org\bouncycastle\bcpkix-jdk18on\1.76\bcpkix-jdk18on-1.76.jar;C:\Users\shiva\.m2\repository\org\bouncycastle\bcprov-jdk18on\1.76\bcprov-jdk18on-1.76.jar;C:\Users\shiva\.m2\repository\org\bouncycastle\bcutil-jdk18on\1.76\bcutil-jdk18on-1.76.jar;C:\Users\shiva\.m2\repository\org\slf4j\jcl-over-slf4j\1.7.30\jcl-over-slf4j-1.7.30.jar;C:\Users\shiva\.m2\repository\com\github\docker-java\docker-java-transport-httpclient5\3.3.5\docker-java-transport-httpclient5-3.3.5.jar;C:\Users\shiva\.m2\repository\com\github\docker-java\docker-java-transport\3.3.5\docker-java-transport-3.3.5.jar;C:\Users\shiva\.m2\repository\net\java\dev\jna\jna\5.13.0\jna-5.13.0.jar;C:\Users\shiva\.m2\repository\org\brotli\dec\0.1.2\dec-0.1.2.jar;C:\Users\shiva\.m2\repository\org\apache\commons\commons-compress\1.26.0\commons-compress-1.26.0.jar;C:\Users\shiva\.m2\repository\org\apache\httpcomponents\client5\httpclient5\5.2.1\httpclient5-5.2.1.jar;C:\Users\shiva\.m2\repository\org\apache\httpcomponents\core5\httpcore5\5.2\httpcore5-5.2.jar;C:\Users\shiva\.m2\repository\org\apache\httpcomponents\core5\httpcore5-h2\5.2\httpcore5-h2-5.2.jar;C:\Program Files\Java\jdk-11\lib\tools-1.5.0.jar;C:\Users\shiva\.m2\repository\commons-io\commons-io\2.11.0\commons-io-2.11.0.jar;C:\Users\shiva\.m2\repository\org\apache\logging\log4j\log4j-core\2.17.2\log4j-core-2.17.2.jar;C:\Users\shiva\.m2\repository\org\apache\logging\log4j\log4j-api\2.17.2\log4j-api-2.17.2.jar;C:\Users\shiva\.m2\repository\io\cucumber\cucumber-junit\7.11.0\cucumber-junit-7.11.0.jar;"/>
    <property name="sun.cpu.endian" value="little"/>
    <property name="user.home" value="C:\Users\shiva"/>
    <property name="user.language" value="en"/>
    <property name="java.specification.vendor" value="Oracle Corporation"/>
    <property name="java.version.date" value="2023-04-18"/>
    <property name="java.home" value="C:\Program Files\Amazon Corretto\jdk11.0.19_7"/>
    <property name="file.separator" value="\"/>
    <property name="basedir" value="C:\Users\shiva\eclipse-workspace\com.bddFrameworks1"/>
    <property name="java.vm.compressedOopsMode" value="Zero based"/>
    <property name="line.separator" value="&#10;"/>
    <property name="java.specification.name" value="Java Platform API Specification"/>
    <property name="java.vm.specification.vendor" value="Oracle Corporation"/>
    <property name="java.awt.graphicsenv" value="sun.awt.Win32GraphicsEnvironment"/>
    <property name="surefire.real.class.path" value="C:\Users\shiva\AppData\Local\Temp\surefire6022411726733242511\surefirebooter-20240320221228427_3.jar"/>
    <property name="user.script" value=""/>
    <property name="sun.management.compiler" value="HotSpot 64-Bit Tiered Compilers"/>
    <property name="java.runtime.version" value="11.0.19+7-LTS"/>
    <property name="user.name" value="shiva"/>
    <property name="path.separator" value=";"/>
    <property name="os.version" value="10.0"/>
    <property name="java.runtime.name" value="OpenJDK Runtime Environment"/>
    <property name="file.encoding" value="Cp1252"/>
    <property name="java.vm.name" value="OpenJDK 64-Bit Server VM"/>
    <property name="java.vendor.version" value="Corretto-11.0.19.7.1"/>
    <property name="localRepository" value="C:\Users\shiva\.m2\repository"/>
    <property name="java.vendor.url.bug" value="https://github.com/corretto/corretto-11/issues/"/>
    <property name="java.io.tmpdir" value="C:\Users\shiva\AppData\Local\Temp\"/>
    <property name="java.version" value="11.0.19"/>
    <property name="user.dir" value="C:\Users\shiva\eclipse-workspace\com.bddFrameworks1"/>
    <property name="os.arch" value="amd64"/>
    <property name="java.vm.specification.name" value="Java Virtual Machine Specification"/>
    <property name="java.awt.printerjob" value="sun.awt.windows.WPrinterJob"/>
    <property name="sun.os.patch.level" value=""/>
    <property name="java.library.path" value="C:\Program Files\Amazon Corretto\jdk11.0.19_7\bin;C:\windows\Sun\Java\bin;C:\windows\system32;C:\windows;C:\Program Files (x86)\VMware\VMware Player\bin\;C:\Program Files\Common Files\Oracle\Java\javapath;C:\Program Files\Amazon Corretto\jdk11.0.19_7\bin;C:\windows\system32;C:\windows;C:\windows\System32\Wbem;C:\windows\System32\WindowsPowerShell\v1.0\;C:\windows\System32\OpenSSH\;C:\Program Files\Git\cmd;C:\Program Files\Java\jdk-11\bin;C:\apache-maven-3.9.2-bin\apache-maven-3.9.2\bin;C:\Program Files\Amazon Corretto\jdk11.0.19_7\bin;C:\Program Files\Amazon Corretto\jdk11.0.19_7\lib;C:\Program Files\Amazon Corretto\jdk11.0.19_7;C:\apache-maven-3.9.2-bin\apache-maven-3.9.2\;C:\apache-maven-3.9.2-bin\apache-maven-3.9.2\\bin;C:\Program Files\nodejs\;C:\Users\shiva\AppData\Local\Programs\Python\Python311\Scripts\;C:\Users\shiva\AppData\Local\Programs\Python\Python311\;C:\Program Files\MySQL\MySQL Shell 8.0\bin\;C:\Users\shiva\AppData\Local\Microsoft\WindowsApps;C:\Users\shiva\AppData\Roaming\npm;C:\Users\shiva\AppData\Local\Programs\VS Code\Microsoft VS Code\bin;."/>
    <property name="java.vm.info" value="mixed mode"/>
    <property name="java.vendor" value="Amazon.com Inc."/>
    <property name="java.vm.version" value="11.0.19+7-LTS"/>
    <property name="sun.io.unicode.encoding" value="UnicodeLittle"/>
    <property name="java.class.version" value="55.0"/>
  </properties>
  <testcase name="Data Driven" classname="LOGIN #2" time="11.18">
    <system-out><![CDATA[[DEBUG] Using WebDriverManager 5.7.0
[DEBUG] Resolution chrome=122 in cache (valid until 23:07:41 20/03/2024 IST)
[DEBUG] Resolution chrome122=122.0.6261.128 in cache (valid until 12:09:22 21/03/2024 IST)
[INFO] Using chromedriver 122.0.6261.128 (resolved driver for Chrome 122)
[DEBUG] Driver chromedriver 122.0.6261.128 found in cache
[INFO] Exporting webdriver.chrome.driver as C:\Users\shiva\.cache\selenium\chromedriver\win64\122.0.6261.128\chromedriver.exe
[DEBUG] Using SLF4J as the default logging framework
[DEBUG] -Dio.netty.leakDetection.level: simple
[DEBUG] -Dio.netty.leakDetection.targetRecords: 4
[DEBUG] Loaded default ResourceLeakDetector: io.netty.util.ResourceLeakDetector@7aa9e414
[DEBUG] -Dio.netty.noUnsafe: false
[DEBUG] Java version: 11
[DEBUG] sun.misc.Unsafe.theUnsafe: available
[DEBUG] sun.misc.Unsafe.copyMemory: available
[DEBUG] sun.misc.Unsafe.storeFence: available
[DEBUG] java.nio.Buffer.address: available
[DEBUG] direct buffer constructor: unavailable: Reflective setAccessible(true) disabled
[DEBUG] java.nio.Bits.unaligned: available, true
[DEBUG] jdk.internal.misc.Unsafe.allocateUninitializedArray(int): unavailable: class io.netty.util.internal.PlatformDependent0$7 cannot access class jdk.internal.misc.Unsafe (in module java.base) because module java.base does not export jdk.internal.misc to unnamed module @20c0a64d
[DEBUG] java.nio.DirectByteBuffer.<init>(long, int): unavailable
[DEBUG] sun.misc.Unsafe: available
[DEBUG] maxDirectMemory: 4208984064 bytes (maybe)
[DEBUG] -Dio.netty.tmpdir: C:\Users\shiva\AppData\Local\Temp (java.io.tmpdir)
[DEBUG] -Dio.netty.bitMode: 64 (sun.arch.data.model)
[DEBUG] Platform: Windows
[DEBUG] -Dio.netty.maxDirectMemory: -1 bytes
[DEBUG] -Dio.netty.uninitializedArrayAllocationThreshold: -1
[DEBUG] java.nio.ByteBuffer.cleaner(): available
[DEBUG] -Dio.netty.noPreferDirect: false
[DEBUG] org.jctools-core.MpscChunkedArrayQueue: available
[DEBUG] -Dio.netty.threadLocalMap.stringBuilder.initialSize: 1024
[DEBUG] -Dio.netty.threadLocalMap.stringBuilder.maxSize: 4096
[DEBUG] Default protocols (JDK): [TLSv1.3, TLSv1.2, TLSv1.1, TLSv1] 
[DEBUG] Default cipher suites (JDK): [TLS_ECDHE_ECDSA_WITH_AES_256_GCM_SHA384, TLS_ECDHE_ECDSA_WITH_AES_128_GCM_SHA256, TLS_ECDHE_RSA_WITH_AES_128_GCM_SHA256, TLS_ECDHE_RSA_WITH_AES_256_GCM_SHA384, TLS_ECDHE_RSA_WITH_AES_128_CBC_SHA, TLS_ECDHE_RSA_WITH_AES_256_CBC_SHA, TLS_RSA_WITH_AES_128_GCM_SHA256, TLS_RSA_WITH_AES_128_CBC_SHA, TLS_RSA_WITH_AES_256_CBC_SHA, TLS_AES_128_GCM_SHA256, TLS_AES_256_GCM_SHA384]
[DEBUG] -Dio.netty.globalEventExecutor.quietPeriodSeconds: 1
[DEBUG] -Dio.netty.eventLoopThreads: 24
[DEBUG] -Dio.netty.noKeySetOptimization: false
[DEBUG] -Dio.netty.selectorAutoRebuildThreshold: 512
[DEBUG] -Dio.netty.allocator.numHeapArenas: 24
[DEBUG] -Dio.netty.allocator.numDirectArenas: 24
[DEBUG] -Dio.netty.allocator.pageSize: 8192
[DEBUG] -Dio.netty.allocator.maxOrder: 9
[DEBUG] -Dio.netty.allocator.chunkSize: 4194304
[DEBUG] -Dio.netty.allocator.smallCacheSize: 256
[DEBUG] -Dio.netty.allocator.normalCacheSize: 64
[DEBUG] -Dio.netty.allocator.maxCachedBufferCapacity: 32768
[DEBUG] -Dio.netty.allocator.cacheTrimInterval: 8192
[DEBUG] -Dio.netty.allocator.cacheTrimIntervalMillis: 0
[DEBUG] -Dio.netty.allocator.useCacheForAllThreads: false
[DEBUG] -Dio.netty.allocator.maxCachedByteBuffersPerChunk: 1023
[DEBUG] -Dio.netty.allocator.type: pooled
[DEBUG] -Dio.netty.threadLocalDirectBufferSize: 0
[DEBUG] -Dio.netty.maxThreadLocalCharBufferSize: 16384
[DEBUG] -Dio.netty.processId: 30516 (auto-detected)
[DEBUG] -Djava.net.preferIPv4Stack: false
[DEBUG] -Djava.net.preferIPv6Addresses: false
[DEBUG] Loopback interface: lo (Software Loopback Interface 1, 127.0.0.1)
[DEBUG] Failed to get SOMAXCONN from sysctl and file \proc\sys\net\core\somaxconn. Default: 200
[DEBUG] -Dio.netty.machineId: b4:8c:9d:ff:fe:17:4f:73 (auto-detected)
[DEBUG] -Dio.netty.buffer.checkAccessible: true
[DEBUG] -Dio.netty.buffer.checkBounds: true
[DEBUG] Loaded default ResourceLeakDetector: io.netty.util.ResourceLeakDetector@574a6eba
[DEBUG] Using new Channel '[id: 0x6e6ef64d, L:/127.0.0.1:58147 - R:localhost/127.0.0.1:41638]' for 'POST' to '/session'
[DEBUG] -Dio.netty.recycler.maxCapacityPerThread: 4096
[DEBUG] -Dio.netty.recycler.ratio: 8
[DEBUG] -Dio.netty.recycler.chunkSize: 32
[DEBUG] -Dio.netty.recycler.blocking: false
[DEBUG] -Dio.netty.recycler.batchFastThreadLocalOnly: true
[DEBUG] brotli4j not in the classpath; Brotli support will be unavailable.
[DEBUG] 

Request DefaultHttpRequest(decodeResult: success, version: HTTP/1.1)
POST /session HTTP/1.1
User-Agent: selenium/4.11.0 (java windows)
Content-Length: 254
Content-Type: application/json; charset=utf-8
host: localhost:41638
accept: */*

Response DefaultHttpResponse(decodeResult: success, version: HTTP/1.1)
HTTP/1.1 200 OK
Content-Length: 884
Content-Type: application/json; charset=utf-8
cache-control: no-cache

[DEBUG] Adding key: http://localhost:41638 for channel [id: 0x6e6ef64d, L:/127.0.0.1:58147 - R:localhost/127.0.0.1:41638]
[DEBUG] Using new Channel '[id: 0x796c59ef, L:/127.0.0.1:58156 - R:localhost/127.0.0.1:58148]' for 'GET' to '/json/version'
[DEBUG] 

Request DefaultFullHttpRequest(decodeResult: success, version: HTTP/1.1, content: EmptyByteBufBE)
GET /json/version HTTP/1.1
User-Agent: selenium/4.11.0 (java windows)
host: localhost:58148
accept: */*

Response DefaultHttpResponse(decodeResult: success, version: HTTP/1.1)
HTTP/1.1 200 OK
Content-Security-Policy: frame-ancestors 'none'
Content-Length: 424
Content-Type: application/json; charset=UTF-8

[DEBUG] Adding key: http://localhost:58148 for channel [id: 0x796c59ef, L:/127.0.0.1:58156 - R:localhost/127.0.0.1:58148]
[DEBUG] -Dio.netty.initialSeedUniquifier: 0x4e3b270924380c30
[DEBUG] Using new Channel '[id: 0x31323270, L:/127.0.0.1:58157 - R:localhost/127.0.0.1:58148]' for 'GET' to '/devtools/browser/fe4f7cb6-d289-4a62-820c-825975b79d78'
[DEBUG] 

Request DefaultFullHttpRequest(decodeResult: success, version: HTTP/1.1, content: EmptyByteBufBE)
GET /devtools/browser/fe4f7cb6-d289-4a62-820c-825975b79d78 HTTP/1.1
upgrade: websocket
connection: upgrade
sec-websocket-key: GBmd9ZMorSQkwcnweMiq0w==
sec-websocket-version: 13
origin: http://localhost:58148
host: localhost:58148
accept: */*
user-agent: AHC/2.1

Response DefaultHttpResponse(decodeResult: success, version: HTTP/1.1)
HTTP/1.1 101 WebSocket Protocol Handshake
Upgrade: WebSocket
Connection: Upgrade
Sec-WebSocket-Accept: /qOGKBHdHSHF/XLmabBEdx8NDvM=

[DEBUG] Using pooled Channel '[id: 0x6e6ef64d, L:/127.0.0.1:58147 - R:localhost/127.0.0.1:41638]' for 'POST' to 'http://localhost:41638/session/1e4f31418e146146122b0792d51ec029/url'
[DEBUG] Using open Channel [id: 0x6e6ef64d, L:/127.0.0.1:58147 - R:localhost/127.0.0.1:41638] for POST '/session/1e4f31418e146146122b0792d51ec029/url'
[DEBUG] Entry count for : http://localhost:58148 : 1
[DEBUG] 

Request DefaultHttpRequest(decodeResult: success, version: HTTP/1.1)
POST /session/1e4f31418e146146122b0792d51ec029/url HTTP/1.1
User-Agent: selenium/4.11.0 (java windows)
Content-Length: 70
Content-Type: application/json; charset=utf-8
host: localhost:41638
accept: */*

Response DefaultHttpResponse(decodeResult: success, version: HTTP/1.1)
HTTP/1.1 200 OK
Content-Length: 14
Content-Type: application/json; charset=utf-8
cache-control: no-cache

[DEBUG] Adding key: http://localhost:41638 for channel [id: 0x6e6ef64d, L:/127.0.0.1:58147 - R:localhost/127.0.0.1:41638]
[DEBUG] Using pooled Channel '[id: 0x6e6ef64d, L:/127.0.0.1:58147 - R:localhost/127.0.0.1:41638]' for 'POST' to 'http://localhost:41638/session/1e4f31418e146146122b0792d51ec029/window/maximize'
[DEBUG] Using open Channel [id: 0x6e6ef64d, L:/127.0.0.1:58147 - R:localhost/127.0.0.1:41638] for POST '/session/1e4f31418e146146122b0792d51ec029/window/maximize'
[DEBUG] 

Request DefaultHttpRequest(decodeResult: success, version: HTTP/1.1)
POST /session/1e4f31418e146146122b0792d51ec029/window/maximize HTTP/1.1
User-Agent: selenium/4.11.0 (java windows)
Content-Length: 3
Content-Type: application/json; charset=utf-8
host: localhost:41638
accept: */*

Response DefaultHttpResponse(decodeResult: success, version: HTTP/1.1)
HTTP/1.1 200 OK
Content-Length: 51
Content-Type: application/json; charset=utf-8
cache-control: no-cache

[DEBUG] Adding key: http://localhost:41638 for channel [id: 0x6e6ef64d, L:/127.0.0.1:58147 - R:localhost/127.0.0.1:41638]
[DEBUG] Entry count for : http://localhost:41638 : 1
[DEBUG] Entry count for : http://localhost:58148 : 1
[DEBUG] Entry count for : http://localhost:41638 : 1
[DEBUG] Entry count for : http://localhost:58148 : 1
[DEBUG] Entry count for : http://localhost:41638 : 1
[DEBUG] Entry count for : http://localhost:58148 : 1
[DEBUG] Using pooled Channel '[id: 0x6e6ef64d, L:/127.0.0.1:58147 - R:localhost/127.0.0.1:41638]' for 'POST' to 'http://localhost:41638/session/1e4f31418e146146122b0792d51ec029/element'
[DEBUG] Using open Channel [id: 0x6e6ef64d, L:/127.0.0.1:58147 - R:localhost/127.0.0.1:41638] for POST '/session/1e4f31418e146146122b0792d51ec029/element'
[DEBUG] 

Request DefaultHttpRequest(decodeResult: success, version: HTTP/1.1)
POST /session/1e4f31418e146146122b0792d51ec029/element HTTP/1.1
User-Agent: selenium/4.11.0 (java windows)
Content-Length: 50
Content-Type: application/json; charset=utf-8
host: localhost:41638
accept: */*

Response DefaultHttpResponse(decodeResult: success, version: HTTP/1.1)
HTTP/1.1 200 OK
Content-Length: 125
Content-Type: application/json; charset=utf-8
cache-control: no-cache

[DEBUG] Adding key: http://localhost:41638 for channel [id: 0x6e6ef64d, L:/127.0.0.1:58147 - R:localhost/127.0.0.1:41638]
[DEBUG] Using pooled Channel '[id: 0x6e6ef64d, L:/127.0.0.1:58147 - R:localhost/127.0.0.1:41638]' for 'POST' to 'http://localhost:41638/session/1e4f31418e146146122b0792d51ec029/element/f.EDE6D49231C2E279F8EE8A6FD1BE8121.d.B7DE5A16C77FE4799722C19642591AD2.e.2/clear'
[DEBUG] Using open Channel [id: 0x6e6ef64d, L:/127.0.0.1:58147 - R:localhost/127.0.0.1:41638] for POST '/session/1e4f31418e146146122b0792d51ec029/element/f.EDE6D49231C2E279F8EE8A6FD1BE8121.d.B7DE5A16C77FE4799722C19642591AD2.e.2/clear'
[DEBUG] 

Request DefaultHttpRequest(decodeResult: success, version: HTTP/1.1)
POST /session/1e4f31418e146146122b0792d51ec029/element/f.EDE6D49231C2E279F8EE8A6FD1BE8121.d.B7DE5A16C77FE4799722C19642591AD2.e.2/clear HTTP/1.1
User-Agent: selenium/4.11.0 (java windows)
Content-Length: 87
Content-Type: application/json; charset=utf-8
host: localhost:41638
accept: */*

Response DefaultHttpResponse(decodeResult: success, version: HTTP/1.1)
HTTP/1.1 200 OK
Content-Length: 14
Content-Type: application/json; charset=utf-8
cache-control: no-cache

[DEBUG] Adding key: http://localhost:41638 for channel [id: 0x6e6ef64d, L:/127.0.0.1:58147 - R:localhost/127.0.0.1:41638]
[DEBUG] Using pooled Channel '[id: 0x6e6ef64d, L:/127.0.0.1:58147 - R:localhost/127.0.0.1:41638]' for 'POST' to 'http://localhost:41638/session/1e4f31418e146146122b0792d51ec029/element/f.EDE6D49231C2E279F8EE8A6FD1BE8121.d.B7DE5A16C77FE4799722C19642591AD2.e.2/value'
[DEBUG] Using open Channel [id: 0x6e6ef64d, L:/127.0.0.1:58147 - R:localhost/127.0.0.1:41638] for POST '/session/1e4f31418e146146122b0792d51ec029/element/f.EDE6D49231C2E279F8EE8A6FD1BE8121.d.B7DE5A16C77FE4799722C19642591AD2.e.2/value'
[DEBUG] 

Request DefaultHttpRequest(decodeResult: success, version: HTTP/1.1)
POST /session/1e4f31418e146146122b0792d51ec029/element/f.EDE6D49231C2E279F8EE8A6FD1BE8121.d.B7DE5A16C77FE4799722C19642591AD2.e.2/value HTTP/1.1
User-Agent: selenium/4.11.0 (java windows)
Content-Length: 308
Content-Type: application/json; charset=utf-8
host: localhost:41638
accept: */*

Response DefaultHttpResponse(decodeResult: success, version: HTTP/1.1)
HTTP/1.1 200 OK
Content-Length: 14
Content-Type: application/json; charset=utf-8
cache-control: no-cache

[DEBUG] Adding key: http://localhost:41638 for channel [id: 0x6e6ef64d, L:/127.0.0.1:58147 - R:localhost/127.0.0.1:41638]
[DEBUG] Using pooled Channel '[id: 0x6e6ef64d, L:/127.0.0.1:58147 - R:localhost/127.0.0.1:41638]' for 'POST' to 'http://localhost:41638/session/1e4f31418e146146122b0792d51ec029/element'
[DEBUG] Using open Channel [id: 0x6e6ef64d, L:/127.0.0.1:58147 - R:localhost/127.0.0.1:41638] for POST '/session/1e4f31418e146146122b0792d51ec029/element'
[DEBUG] 

Request DefaultHttpRequest(decodeResult: success, version: HTTP/1.1)
POST /session/1e4f31418e146146122b0792d51ec029/element HTTP/1.1
User-Agent: selenium/4.11.0 (java windows)
Content-Length: 53
Content-Type: application/json; charset=utf-8
host: localhost:41638
accept: */*

Response DefaultHttpResponse(decodeResult: success, version: HTTP/1.1)
HTTP/1.1 200 OK
Content-Length: 125
Content-Type: application/json; charset=utf-8
cache-control: no-cache

[DEBUG] Adding key: http://localhost:41638 for channel [id: 0x6e6ef64d, L:/127.0.0.1:58147 - R:localhost/127.0.0.1:41638]
[DEBUG] Using pooled Channel '[id: 0x6e6ef64d, L:/127.0.0.1:58147 - R:localhost/127.0.0.1:41638]' for 'POST' to 'http://localhost:41638/session/1e4f31418e146146122b0792d51ec029/element/f.EDE6D49231C2E279F8EE8A6FD1BE8121.d.B7DE5A16C77FE4799722C19642591AD2.e.4/clear'
[DEBUG] Using open Channel [id: 0x6e6ef64d, L:/127.0.0.1:58147 - R:localhost/127.0.0.1:41638] for POST '/session/1e4f31418e146146122b0792d51ec029/element/f.EDE6D49231C2E279F8EE8A6FD1BE8121.d.B7DE5A16C77FE4799722C19642591AD2.e.4/clear'
[DEBUG] 

Request DefaultHttpRequest(decodeResult: success, version: HTTP/1.1)
POST /session/1e4f31418e146146122b0792d51ec029/element/f.EDE6D49231C2E279F8EE8A6FD1BE8121.d.B7DE5A16C77FE4799722C19642591AD2.e.4/clear HTTP/1.1
User-Agent: selenium/4.11.0 (java windows)
Content-Length: 87
Content-Type: application/json; charset=utf-8
host: localhost:41638
accept: */*

Response DefaultHttpResponse(decodeResult: success, version: HTTP/1.1)
HTTP/1.1 200 OK
Content-Length: 14
Content-Type: application/json; charset=utf-8
cache-control: no-cache

[DEBUG] Adding key: http://localhost:41638 for channel [id: 0x6e6ef64d, L:/127.0.0.1:58147 - R:localhost/127.0.0.1:41638]
[DEBUG] Using pooled Channel '[id: 0x6e6ef64d, L:/127.0.0.1:58147 - R:localhost/127.0.0.1:41638]' for 'POST' to 'http://localhost:41638/session/1e4f31418e146146122b0792d51ec029/element/f.EDE6D49231C2E279F8EE8A6FD1BE8121.d.B7DE5A16C77FE4799722C19642591AD2.e.4/value'
[DEBUG] Using open Channel [id: 0x6e6ef64d, L:/127.0.0.1:58147 - R:localhost/127.0.0.1:41638] for POST '/session/1e4f31418e146146122b0792d51ec029/element/f.EDE6D49231C2E279F8EE8A6FD1BE8121.d.B7DE5A16C77FE4799722C19642591AD2.e.4/value'
[DEBUG] 

Request DefaultHttpRequest(decodeResult: success, version: HTTP/1.1)
POST /session/1e4f31418e146146122b0792d51ec029/element/f.EDE6D49231C2E279F8EE8A6FD1BE8121.d.B7DE5A16C77FE4799722C19642591AD2.e.4/value HTTP/1.1
User-Agent: selenium/4.11.0 (java windows)
Content-Length: 168
Content-Type: application/json; charset=utf-8
host: localhost:41638
accept: */*

Response DefaultHttpResponse(decodeResult: success, version: HTTP/1.1)
HTTP/1.1 200 OK
Content-Length: 14
Content-Type: application/json; charset=utf-8
cache-control: no-cache

[DEBUG] Adding key: http://localhost:41638 for channel [id: 0x6e6ef64d, L:/127.0.0.1:58147 - R:localhost/127.0.0.1:41638]
[DEBUG] Using pooled Channel '[id: 0x6e6ef64d, L:/127.0.0.1:58147 - R:localhost/127.0.0.1:41638]' for 'POST' to 'http://localhost:41638/session/1e4f31418e146146122b0792d51ec029/element'
[DEBUG] Using open Channel [id: 0x6e6ef64d, L:/127.0.0.1:58147 - R:localhost/127.0.0.1:41638] for POST '/session/1e4f31418e146146122b0792d51ec029/element'
[DEBUG] 

Request DefaultHttpRequest(decodeResult: success, version: HTTP/1.1)
POST /session/1e4f31418e146146122b0792d51ec029/element HTTP/1.1
User-Agent: selenium/4.11.0 (java windows)
Content-Length: 172
Content-Type: application/json; charset=utf-8
host: localhost:41638
accept: */*

Response DefaultHttpResponse(decodeResult: success, version: HTTP/1.1)
HTTP/1.1 200 OK
Content-Length: 125
Content-Type: application/json; charset=utf-8
cache-control: no-cache

[DEBUG] Adding key: http://localhost:41638 for channel [id: 0x6e6ef64d, L:/127.0.0.1:58147 - R:localhost/127.0.0.1:41638]
[DEBUG] Using pooled Channel '[id: 0x6e6ef64d, L:/127.0.0.1:58147 - R:localhost/127.0.0.1:41638]' for 'POST' to 'http://localhost:41638/session/1e4f31418e146146122b0792d51ec029/element/f.EDE6D49231C2E279F8EE8A6FD1BE8121.d.B7DE5A16C77FE4799722C19642591AD2.e.6/click'
[DEBUG] Using open Channel [id: 0x6e6ef64d, L:/127.0.0.1:58147 - R:localhost/127.0.0.1:41638] for POST '/session/1e4f31418e146146122b0792d51ec029/element/f.EDE6D49231C2E279F8EE8A6FD1BE8121.d.B7DE5A16C77FE4799722C19642591AD2.e.6/click'
[DEBUG] Entry count for : http://localhost:58148 : 1
[DEBUG] Entry count for : http://localhost:58148 : 1
[DEBUG] 

Request DefaultHttpRequest(decodeResult: success, version: HTTP/1.1)
POST /session/1e4f31418e146146122b0792d51ec029/element/f.EDE6D49231C2E279F8EE8A6FD1BE8121.d.B7DE5A16C77FE4799722C19642591AD2.e.6/click HTTP/1.1
User-Agent: selenium/4.11.0 (java windows)
Content-Length: 87
Content-Type: application/json; charset=utf-8
host: localhost:41638
accept: */*

Response DefaultHttpResponse(decodeResult: success, version: HTTP/1.1)
HTTP/1.1 200 OK
Content-Length: 14
Content-Type: application/json; charset=utf-8
cache-control: no-cache

[DEBUG] Adding key: http://localhost:41638 for channel [id: 0x6e6ef64d, L:/127.0.0.1:58147 - R:localhost/127.0.0.1:41638]
[DEBUG] Using pooled Channel '[id: 0x6e6ef64d, L:/127.0.0.1:58147 - R:localhost/127.0.0.1:41638]' for 'GET' to 'http://localhost:41638/session/1e4f31418e146146122b0792d51ec029/title'
[DEBUG] Using open Channel [id: 0x6e6ef64d, L:/127.0.0.1:58147 - R:localhost/127.0.0.1:41638] for GET '/session/1e4f31418e146146122b0792d51ec029/title'
[DEBUG] 

Request DefaultFullHttpRequest(decodeResult: success, version: HTTP/1.1, content: EmptyByteBufBE)
GET /session/1e4f31418e146146122b0792d51ec029/title HTTP/1.1
User-Agent: selenium/4.11.0 (java windows)
Cache-Control: no-cache
Content-Type: application/json; charset=utf-8
host: localhost:41638
accept: */*

Response DefaultHttpResponse(decodeResult: success, version: HTTP/1.1)
HTTP/1.1 200 OK
Content-Length: 50
Content-Type: application/json; charset=utf-8
cache-control: no-cache

[DEBUG] Adding key: http://localhost:41638 for channel [id: 0x6e6ef64d, L:/127.0.0.1:58147 - R:localhost/127.0.0.1:41638]
True
[DEBUG] Using pooled Channel '[id: 0x6e6ef64d, L:/127.0.0.1:58147 - R:localhost/127.0.0.1:41638]' for 'DELETE' to 'http://localhost:41638/session/1e4f31418e146146122b0792d51ec029/window'
[DEBUG] Using open Channel [id: 0x6e6ef64d, L:/127.0.0.1:58147 - R:localhost/127.0.0.1:41638] for DELETE '/session/1e4f31418e146146122b0792d51ec029/window'
[DEBUG] Entry count for : http://localhost:58148 : 1
[DEBUG] Channel Closed: [id: 0x796c59ef, L:/127.0.0.1:58156 ! R:localhost/127.0.0.1:58148] with attribute DISCARD
[DEBUG] Channel Closed: [id: 0x31323270, L:/127.0.0.1:58157 ! R:localhost/127.0.0.1:58148] with attribute NettyResponseFuture{currentRetry=0,
	isDone=1,
	isCancelled=0,
	asyncHandler=org.asynchttpclient.ws.WebSocketUpgradeHandler@6121b693,
	nettyRequest=org.asynchttpclient.netty.request.NettyRequest@2cfcf5d2,
	future=java.util.concurrent.CompletableFuture@1bf40e8b[Completed normally],
	uri=ws://localhost:58148/devtools/browser/fe4f7cb6-d289-4a62-820c-825975b79d78,
	keepAlive=true,
	redirectCount=0,
	timeoutsHolder=null,
	inAuth=0,
	touch=1710952953541}
[DEBUG] Closing Channel [id: 0x31323270, L:/127.0.0.1:58157 ! R:localhost/127.0.0.1:58148] 
[DEBUG] 

Request DefaultFullHttpRequest(decodeResult: success, version: HTTP/1.1, content: EmptyByteBufBE)
DELETE /session/1e4f31418e146146122b0792d51ec029/window HTTP/1.1
User-Agent: selenium/4.11.0 (java windows)
Content-Type: application/json; charset=utf-8
host: localhost:41638
accept: */*

Response DefaultHttpResponse(decodeResult: success, version: HTTP/1.1)
HTTP/1.1 200 OK
Content-Length: 12
Content-Type: application/json; charset=utf-8
cache-control: no-cache

[DEBUG] Adding key: http://localhost:41638 for channel [id: 0x6e6ef64d, L:/127.0.0.1:58147 - R:localhost/127.0.0.1:41638]
]]></system-out>
    <system-err><![CDATA[Mar 20, 2024 10:12:33 PM org.openqa.selenium.devtools.CdpVersionFinder findNearestMatch
WARNING: Unable to find CDP implementation matching 122
Mar 20, 2024 10:12:33 PM org.openqa.selenium.chromium.ChromiumDriver lambda$new$5
WARNING: Unable to find version of CDP to use for 122.0.6261.131. You may need to include a dependency on a specific version of the CDP using something similar to `org.seleniumhq.selenium:selenium-devtools-v86:4.11.0` where the version ("v86") matches the version of the chromium-based browser you're using and the version number of the artifact is the same as Selenium's.
]]></system-err>
  </testcase>
  <testcase name="Add new Customer" classname="Customer" time="19.268">
    <system-out><![CDATA[[DEBUG] Using WebDriverManager 5.7.0
[DEBUG] Resolution chrome=122 in cache (valid until 23:07:41 20/03/2024 IST)
[DEBUG] Resolution chrome122=122.0.6261.128 in cache (valid until 12:09:22 21/03/2024 IST)
[INFO] Using chromedriver 122.0.6261.128 (resolved driver for Chrome 122)
[DEBUG] Driver chromedriver 122.0.6261.128 found in cache
[INFO] Exporting webdriver.chrome.driver as C:\Users\shiva\.cache\selenium\chromedriver\win64\122.0.6261.128\chromedriver.exe
[DEBUG] Using new Channel '[id: 0x13e74948, L:/127.0.0.1:58186 - R:localhost/127.0.0.1:13313]' for 'POST' to '/session'
[DEBUG] Entry count for : http://localhost:41638 : 1
[DEBUG] Entry count for : http://localhost:58148 : 1
[DEBUG] Adding Candidate expired Channel [id: 0x796c59ef, L:/127.0.0.1:58156 ! R:localhost/127.0.0.1:58148] isIdleTimeoutExpired=false isRemotelyClosed=true isTtlExpired=false
[DEBUG] Closing Idle Channel [id: 0x796c59ef, L:/127.0.0.1:58156 ! R:localhost/127.0.0.1:58148]
[DEBUG] Closed 1 connections out of 2 in 2 ms
[DEBUG] 

Request DefaultHttpRequest(decodeResult: success, version: HTTP/1.1)
POST /session HTTP/1.1
User-Agent: selenium/4.11.0 (java windows)
Content-Length: 254
Content-Type: application/json; charset=utf-8
host: localhost:13313
accept: */*

Response DefaultHttpResponse(decodeResult: success, version: HTTP/1.1)
HTTP/1.1 200 OK
Content-Length: 884
Content-Type: application/json; charset=utf-8
cache-control: no-cache

[DEBUG] Adding key: http://localhost:13313 for channel [id: 0x13e74948, L:/127.0.0.1:58186 - R:localhost/127.0.0.1:13313]
[DEBUG] Using new Channel '[id: 0x01c5b261, L:/127.0.0.1:58194 - R:localhost/127.0.0.1:58187]' for 'GET' to '/json/version'
[DEBUG] 

Request DefaultFullHttpRequest(decodeResult: success, version: HTTP/1.1, content: EmptyByteBufBE)
GET /json/version HTTP/1.1
User-Agent: selenium/4.11.0 (java windows)
host: localhost:58187
accept: */*

Response DefaultHttpResponse(decodeResult: success, version: HTTP/1.1)
HTTP/1.1 200 OK
Content-Security-Policy: frame-ancestors 'none'
Content-Length: 424
Content-Type: application/json; charset=UTF-8

[DEBUG] Adding key: http://localhost:58187 for channel [id: 0x01c5b261, L:/127.0.0.1:58194 - R:localhost/127.0.0.1:58187]
[DEBUG] Using new Channel '[id: 0xefcb4d7c, L:/127.0.0.1:58195 - R:localhost/127.0.0.1:58187]' for 'GET' to '/devtools/browser/741a6054-9af7-4f43-98ca-9b115dc34ed6'
[DEBUG] 

Request DefaultFullHttpRequest(decodeResult: success, version: HTTP/1.1, content: EmptyByteBufBE)
GET /devtools/browser/741a6054-9af7-4f43-98ca-9b115dc34ed6 HTTP/1.1
upgrade: websocket
connection: upgrade
sec-websocket-key: D35H/vPH/tr0eCVmN2Qf3Q==
sec-websocket-version: 13
origin: http://localhost:58187
host: localhost:58187
accept: */*
user-agent: AHC/2.1

Response DefaultHttpResponse(decodeResult: success, version: HTTP/1.1)
HTTP/1.1 101 WebSocket Protocol Handshake
Upgrade: WebSocket
Connection: Upgrade
Sec-WebSocket-Accept: /0sfdw5Pc4ciZMTERiWmkYj8A5E=

[DEBUG] Using pooled Channel '[id: 0x13e74948, L:/127.0.0.1:58186 - R:localhost/127.0.0.1:13313]' for 'POST' to 'http://localhost:13313/session/688b3cbb39740f8848b7cf8ba34bdfb0/url'
[DEBUG] Using open Channel [id: 0x13e74948, L:/127.0.0.1:58186 - R:localhost/127.0.0.1:13313] for POST '/session/688b3cbb39740f8848b7cf8ba34bdfb0/url'
[DEBUG] Entry count for : http://localhost:41638 : 1
[DEBUG] Entry count for : http://localhost:58187 : 1
[DEBUG] 

Request DefaultHttpRequest(decodeResult: success, version: HTTP/1.1)
POST /session/688b3cbb39740f8848b7cf8ba34bdfb0/url HTTP/1.1
User-Agent: selenium/4.11.0 (java windows)
Content-Length: 70
Content-Type: application/json; charset=utf-8
host: localhost:13313
accept: */*

Response DefaultHttpResponse(decodeResult: success, version: HTTP/1.1)
HTTP/1.1 200 OK
Content-Length: 14
Content-Type: application/json; charset=utf-8
cache-control: no-cache

[DEBUG] Adding key: http://localhost:13313 for channel [id: 0x13e74948, L:/127.0.0.1:58186 - R:localhost/127.0.0.1:13313]
[DEBUG] Using pooled Channel '[id: 0x13e74948, L:/127.0.0.1:58186 - R:localhost/127.0.0.1:13313]' for 'POST' to 'http://localhost:13313/session/688b3cbb39740f8848b7cf8ba34bdfb0/window/maximize'
[DEBUG] Using open Channel [id: 0x13e74948, L:/127.0.0.1:58186 - R:localhost/127.0.0.1:13313] for POST '/session/688b3cbb39740f8848b7cf8ba34bdfb0/window/maximize'
[DEBUG] 

Request DefaultHttpRequest(decodeResult: success, version: HTTP/1.1)
POST /session/688b3cbb39740f8848b7cf8ba34bdfb0/window/maximize HTTP/1.1
User-Agent: selenium/4.11.0 (java windows)
Content-Length: 3
Content-Type: application/json; charset=utf-8
host: localhost:13313
accept: */*

Response DefaultHttpResponse(decodeResult: success, version: HTTP/1.1)
HTTP/1.1 200 OK
Content-Length: 51
Content-Type: application/json; charset=utf-8
cache-control: no-cache

[DEBUG] Adding key: http://localhost:13313 for channel [id: 0x13e74948, L:/127.0.0.1:58186 - R:localhost/127.0.0.1:13313]
[DEBUG] Entry count for : http://localhost:13313 : 1
[DEBUG] Entry count for : http://localhost:41638 : 1
[DEBUG] Entry count for : http://localhost:58187 : 1
[DEBUG] Entry count for : http://localhost:13313 : 1
[DEBUG] Entry count for : http://localhost:41638 : 1
[DEBUG] Entry count for : http://localhost:58187 : 1
[DEBUG] Entry count for : http://localhost:13313 : 1
[DEBUG] Entry count for : http://localhost:41638 : 1
[DEBUG] Entry count for : http://localhost:58187 : 1
[DEBUG] Using pooled Channel '[id: 0x13e74948, L:/127.0.0.1:58186 - R:localhost/127.0.0.1:13313]' for 'POST' to 'http://localhost:13313/session/688b3cbb39740f8848b7cf8ba34bdfb0/element'
[DEBUG] Using open Channel [id: 0x13e74948, L:/127.0.0.1:58186 - R:localhost/127.0.0.1:13313] for POST '/session/688b3cbb39740f8848b7cf8ba34bdfb0/element'
[DEBUG] Entry count for : http://localhost:41638 : 1
[DEBUG] Entry count for : http://localhost:58187 : 1
[DEBUG] 

Request DefaultHttpRequest(decodeResult: success, version: HTTP/1.1)
POST /session/688b3cbb39740f8848b7cf8ba34bdfb0/element HTTP/1.1
User-Agent: selenium/4.11.0 (java windows)
Content-Length: 50
Content-Type: application/json; charset=utf-8
host: localhost:13313
accept: */*

Response DefaultHttpResponse(decodeResult: success, version: HTTP/1.1)
HTTP/1.1 200 OK
Content-Length: 125
Content-Type: application/json; charset=utf-8
cache-control: no-cache

[DEBUG] Adding key: http://localhost:13313 for channel [id: 0x13e74948, L:/127.0.0.1:58186 - R:localhost/127.0.0.1:13313]
[DEBUG] Using pooled Channel '[id: 0x13e74948, L:/127.0.0.1:58186 - R:localhost/127.0.0.1:13313]' for 'POST' to 'http://localhost:13313/session/688b3cbb39740f8848b7cf8ba34bdfb0/element/f.C197E23CFD262BB27990E2ED785EE05D.d.BC01B8F19B4C54C978603D057F917B3A.e.1/clear'
[DEBUG] Using open Channel [id: 0x13e74948, L:/127.0.0.1:58186 - R:localhost/127.0.0.1:13313] for POST '/session/688b3cbb39740f8848b7cf8ba34bdfb0/element/f.C197E23CFD262BB27990E2ED785EE05D.d.BC01B8F19B4C54C978603D057F917B3A.e.1/clear'
[DEBUG] 

Request DefaultHttpRequest(decodeResult: success, version: HTTP/1.1)
POST /session/688b3cbb39740f8848b7cf8ba34bdfb0/element/f.C197E23CFD262BB27990E2ED785EE05D.d.BC01B8F19B4C54C978603D057F917B3A.e.1/clear HTTP/1.1
User-Agent: selenium/4.11.0 (java windows)
Content-Length: 87
Content-Type: application/json; charset=utf-8
host: localhost:13313
accept: */*

Response DefaultHttpResponse(decodeResult: success, version: HTTP/1.1)
HTTP/1.1 200 OK
Content-Length: 14
Content-Type: application/json; charset=utf-8
cache-control: no-cache

[DEBUG] Adding key: http://localhost:13313 for channel [id: 0x13e74948, L:/127.0.0.1:58186 - R:localhost/127.0.0.1:13313]
[DEBUG] Using pooled Channel '[id: 0x13e74948, L:/127.0.0.1:58186 - R:localhost/127.0.0.1:13313]' for 'POST' to 'http://localhost:13313/session/688b3cbb39740f8848b7cf8ba34bdfb0/element/f.C197E23CFD262BB27990E2ED785EE05D.d.BC01B8F19B4C54C978603D057F917B3A.e.1/value'
[DEBUG] Using open Channel [id: 0x13e74948, L:/127.0.0.1:58186 - R:localhost/127.0.0.1:13313] for POST '/session/688b3cbb39740f8848b7cf8ba34bdfb0/element/f.C197E23CFD262BB27990E2ED785EE05D.d.BC01B8F19B4C54C978603D057F917B3A.e.1/value'
[DEBUG] 

Request DefaultHttpRequest(decodeResult: success, version: HTTP/1.1)
POST /session/688b3cbb39740f8848b7cf8ba34bdfb0/element/f.C197E23CFD262BB27990E2ED785EE05D.d.BC01B8F19B4C54C978603D057F917B3A.e.1/value HTTP/1.1
User-Agent: selenium/4.11.0 (java windows)
Content-Length: 308
Content-Type: application/json; charset=utf-8
host: localhost:13313
accept: */*

Response DefaultHttpResponse(decodeResult: success, version: HTTP/1.1)
HTTP/1.1 200 OK
Content-Length: 14
Content-Type: application/json; charset=utf-8
cache-control: no-cache

[DEBUG] Adding key: http://localhost:13313 for channel [id: 0x13e74948, L:/127.0.0.1:58186 - R:localhost/127.0.0.1:13313]
[DEBUG] Using pooled Channel '[id: 0x13e74948, L:/127.0.0.1:58186 - R:localhost/127.0.0.1:13313]' for 'POST' to 'http://localhost:13313/session/688b3cbb39740f8848b7cf8ba34bdfb0/element'
[DEBUG] Using open Channel [id: 0x13e74948, L:/127.0.0.1:58186 - R:localhost/127.0.0.1:13313] for POST '/session/688b3cbb39740f8848b7cf8ba34bdfb0/element'
[DEBUG] 

Request DefaultHttpRequest(decodeResult: success, version: HTTP/1.1)
POST /session/688b3cbb39740f8848b7cf8ba34bdfb0/element HTTP/1.1
User-Agent: selenium/4.11.0 (java windows)
Content-Length: 53
Content-Type: application/json; charset=utf-8
host: localhost:13313
accept: */*

Response DefaultHttpResponse(decodeResult: success, version: HTTP/1.1)
HTTP/1.1 200 OK
Content-Length: 125
Content-Type: application/json; charset=utf-8
cache-control: no-cache

[DEBUG] Adding key: http://localhost:13313 for channel [id: 0x13e74948, L:/127.0.0.1:58186 - R:localhost/127.0.0.1:13313]
[DEBUG] Using pooled Channel '[id: 0x13e74948, L:/127.0.0.1:58186 - R:localhost/127.0.0.1:13313]' for 'POST' to 'http://localhost:13313/session/688b3cbb39740f8848b7cf8ba34bdfb0/element/f.C197E23CFD262BB27990E2ED785EE05D.d.BC01B8F19B4C54C978603D057F917B3A.e.3/clear'
[DEBUG] Using open Channel [id: 0x13e74948, L:/127.0.0.1:58186 - R:localhost/127.0.0.1:13313] for POST '/session/688b3cbb39740f8848b7cf8ba34bdfb0/element/f.C197E23CFD262BB27990E2ED785EE05D.d.BC01B8F19B4C54C978603D057F917B3A.e.3/clear'
[DEBUG] 

Request DefaultHttpRequest(decodeResult: success, version: HTTP/1.1)
POST /session/688b3cbb39740f8848b7cf8ba34bdfb0/element/f.C197E23CFD262BB27990E2ED785EE05D.d.BC01B8F19B4C54C978603D057F917B3A.e.3/clear HTTP/1.1
User-Agent: selenium/4.11.0 (java windows)
Content-Length: 87
Content-Type: application/json; charset=utf-8
host: localhost:13313
accept: */*

Response DefaultHttpResponse(decodeResult: success, version: HTTP/1.1)
HTTP/1.1 200 OK
Content-Length: 14
Content-Type: application/json; charset=utf-8
cache-control: no-cache

[DEBUG] Adding key: http://localhost:13313 for channel [id: 0x13e74948, L:/127.0.0.1:58186 - R:localhost/127.0.0.1:13313]
[DEBUG] Using pooled Channel '[id: 0x13e74948, L:/127.0.0.1:58186 - R:localhost/127.0.0.1:13313]' for 'POST' to 'http://localhost:13313/session/688b3cbb39740f8848b7cf8ba34bdfb0/element/f.C197E23CFD262BB27990E2ED785EE05D.d.BC01B8F19B4C54C978603D057F917B3A.e.3/value'
[DEBUG] Using open Channel [id: 0x13e74948, L:/127.0.0.1:58186 - R:localhost/127.0.0.1:13313] for POST '/session/688b3cbb39740f8848b7cf8ba34bdfb0/element/f.C197E23CFD262BB27990E2ED785EE05D.d.BC01B8F19B4C54C978603D057F917B3A.e.3/value'
[DEBUG] 

Request DefaultHttpRequest(decodeResult: success, version: HTTP/1.1)
POST /session/688b3cbb39740f8848b7cf8ba34bdfb0/element/f.C197E23CFD262BB27990E2ED785EE05D.d.BC01B8F19B4C54C978603D057F917B3A.e.3/value HTTP/1.1
User-Agent: selenium/4.11.0 (java windows)
Content-Length: 168
Content-Type: application/json; charset=utf-8
host: localhost:13313
accept: */*

Response DefaultHttpResponse(decodeResult: success, version: HTTP/1.1)
HTTP/1.1 200 OK
Content-Length: 14
Content-Type: application/json; charset=utf-8
cache-control: no-cache

[DEBUG] Adding key: http://localhost:13313 for channel [id: 0x13e74948, L:/127.0.0.1:58186 - R:localhost/127.0.0.1:13313]
[DEBUG] Using pooled Channel '[id: 0x13e74948, L:/127.0.0.1:58186 - R:localhost/127.0.0.1:13313]' for 'POST' to 'http://localhost:13313/session/688b3cbb39740f8848b7cf8ba34bdfb0/element'
[DEBUG] Using open Channel [id: 0x13e74948, L:/127.0.0.1:58186 - R:localhost/127.0.0.1:13313] for POST '/session/688b3cbb39740f8848b7cf8ba34bdfb0/element'
[DEBUG] 

Request DefaultHttpRequest(decodeResult: success, version: HTTP/1.1)
POST /session/688b3cbb39740f8848b7cf8ba34bdfb0/element HTTP/1.1
User-Agent: selenium/4.11.0 (java windows)
Content-Length: 172
Content-Type: application/json; charset=utf-8
host: localhost:13313
accept: */*

Response DefaultHttpResponse(decodeResult: success, version: HTTP/1.1)
HTTP/1.1 200 OK
Content-Length: 125
Content-Type: application/json; charset=utf-8
cache-control: no-cache

[DEBUG] Adding key: http://localhost:13313 for channel [id: 0x13e74948, L:/127.0.0.1:58186 - R:localhost/127.0.0.1:13313]
[DEBUG] Using pooled Channel '[id: 0x13e74948, L:/127.0.0.1:58186 - R:localhost/127.0.0.1:13313]' for 'POST' to 'http://localhost:13313/session/688b3cbb39740f8848b7cf8ba34bdfb0/element/f.C197E23CFD262BB27990E2ED785EE05D.d.BC01B8F19B4C54C978603D057F917B3A.e.6/click'
[DEBUG] Using open Channel [id: 0x13e74948, L:/127.0.0.1:58186 - R:localhost/127.0.0.1:13313] for POST '/session/688b3cbb39740f8848b7cf8ba34bdfb0/element/f.C197E23CFD262BB27990E2ED785EE05D.d.BC01B8F19B4C54C978603D057F917B3A.e.6/click'
[DEBUG] Entry count for : http://localhost:41638 : 1
[DEBUG] Entry count for : http://localhost:58187 : 1
[DEBUG] Entry count for : http://localhost:41638 : 1
[DEBUG] Entry count for : http://localhost:58187 : 1
[DEBUG] Entry count for : http://localhost:41638 : 1
[DEBUG] Entry count for : http://localhost:58187 : 1
[DEBUG] Entry count for : http://localhost:41638 : 1
[DEBUG] Entry count for : http://localhost:58187 : 1
[DEBUG] 

Request DefaultHttpRequest(decodeResult: success, version: HTTP/1.1)
POST /session/688b3cbb39740f8848b7cf8ba34bdfb0/element/f.C197E23CFD262BB27990E2ED785EE05D.d.BC01B8F19B4C54C978603D057F917B3A.e.6/click HTTP/1.1
User-Agent: selenium/4.11.0 (java windows)
Content-Length: 87
Content-Type: application/json; charset=utf-8
host: localhost:13313
accept: */*

Response DefaultHttpResponse(decodeResult: success, version: HTTP/1.1)
HTTP/1.1 200 OK
Content-Length: 14
Content-Type: application/json; charset=utf-8
cache-control: no-cache

[DEBUG] Adding key: http://localhost:13313 for channel [id: 0x13e74948, L:/127.0.0.1:58186 - R:localhost/127.0.0.1:13313]
[DEBUG] Using pooled Channel '[id: 0x13e74948, L:/127.0.0.1:58186 - R:localhost/127.0.0.1:13313]' for 'POST' to 'http://localhost:13313/session/688b3cbb39740f8848b7cf8ba34bdfb0/element'
[DEBUG] Using open Channel [id: 0x13e74948, L:/127.0.0.1:58186 - R:localhost/127.0.0.1:13313] for POST '/session/688b3cbb39740f8848b7cf8ba34bdfb0/element'
[DEBUG] Entry count for : http://localhost:41638 : 1
[DEBUG] Entry count for : http://localhost:58187 : 1
[DEBUG] Entry count for : http://localhost:41638 : 1
[DEBUG] Entry count for : http://localhost:58187 : 1
[DEBUG] 

Request DefaultHttpRequest(decodeResult: success, version: HTTP/1.1)
POST /session/688b3cbb39740f8848b7cf8ba34bdfb0/element HTTP/1.1
User-Agent: selenium/4.11.0 (java windows)
Content-Length: 104
Content-Type: application/json; charset=utf-8
host: localhost:13313
accept: */*

Response DefaultHttpResponse(decodeResult: success, version: HTTP/1.1)
HTTP/1.1 200 OK
Content-Length: 126
Content-Type: application/json; charset=utf-8
cache-control: no-cache

[DEBUG] Adding key: http://localhost:13313 for channel [id: 0x13e74948, L:/127.0.0.1:58186 - R:localhost/127.0.0.1:13313]
[DEBUG] Using pooled Channel '[id: 0x13e74948, L:/127.0.0.1:58186 - R:localhost/127.0.0.1:13313]' for 'POST' to 'http://localhost:13313/session/688b3cbb39740f8848b7cf8ba34bdfb0/element/f.C197E23CFD262BB27990E2ED785EE05D.d.46BA7E2A360F0806844D44A3E4F59930.e.42/click'
[DEBUG] Using open Channel [id: 0x13e74948, L:/127.0.0.1:58186 - R:localhost/127.0.0.1:13313] for POST '/session/688b3cbb39740f8848b7cf8ba34bdfb0/element/f.C197E23CFD262BB27990E2ED785EE05D.d.46BA7E2A360F0806844D44A3E4F59930.e.42/click'
[DEBUG] 

Request DefaultHttpRequest(decodeResult: success, version: HTTP/1.1)
POST /session/688b3cbb39740f8848b7cf8ba34bdfb0/element/f.C197E23CFD262BB27990E2ED785EE05D.d.46BA7E2A360F0806844D44A3E4F59930.e.42/click HTTP/1.1
User-Agent: selenium/4.11.0 (java windows)
Content-Length: 88
Content-Type: application/json; charset=utf-8
host: localhost:13313
accept: */*

Response DefaultHttpResponse(decodeResult: success, version: HTTP/1.1)
HTTP/1.1 200 OK
Content-Length: 14
Content-Type: application/json; charset=utf-8
cache-control: no-cache

[DEBUG] Adding key: http://localhost:13313 for channel [id: 0x13e74948, L:/127.0.0.1:58186 - R:localhost/127.0.0.1:13313]
[DEBUG] Using pooled Channel '[id: 0x13e74948, L:/127.0.0.1:58186 - R:localhost/127.0.0.1:13313]' for 'POST' to 'http://localhost:13313/session/688b3cbb39740f8848b7cf8ba34bdfb0/element'
[DEBUG] Using open Channel [id: 0x13e74948, L:/127.0.0.1:58186 - R:localhost/127.0.0.1:13313] for POST '/session/688b3cbb39740f8848b7cf8ba34bdfb0/element'
[DEBUG] 

Request DefaultHttpRequest(decodeResult: success, version: HTTP/1.1)
POST /session/688b3cbb39740f8848b7cf8ba34bdfb0/element HTTP/1.1
User-Agent: selenium/4.11.0 (java windows)
Content-Length: 138
Content-Type: application/json; charset=utf-8
host: localhost:13313
accept: */*

Response DefaultHttpResponse(decodeResult: success, version: HTTP/1.1)
HTTP/1.1 200 OK
Content-Length: 126
Content-Type: application/json; charset=utf-8
cache-control: no-cache

[DEBUG] Adding key: http://localhost:13313 for channel [id: 0x13e74948, L:/127.0.0.1:58186 - R:localhost/127.0.0.1:13313]
[DEBUG] Using pooled Channel '[id: 0x13e74948, L:/127.0.0.1:58186 - R:localhost/127.0.0.1:13313]' for 'POST' to 'http://localhost:13313/session/688b3cbb39740f8848b7cf8ba34bdfb0/element/f.C197E23CFD262BB27990E2ED785EE05D.d.46BA7E2A360F0806844D44A3E4F59930.e.43/click'
[DEBUG] Using open Channel [id: 0x13e74948, L:/127.0.0.1:58186 - R:localhost/127.0.0.1:13313] for POST '/session/688b3cbb39740f8848b7cf8ba34bdfb0/element/f.C197E23CFD262BB27990E2ED785EE05D.d.46BA7E2A360F0806844D44A3E4F59930.e.43/click'
[DEBUG] Entry count for : http://localhost:41638 : 1
[DEBUG] Entry count for : http://localhost:58187 : 1
[DEBUG] 

Request DefaultHttpRequest(decodeResult: success, version: HTTP/1.1)
POST /session/688b3cbb39740f8848b7cf8ba34bdfb0/element/f.C197E23CFD262BB27990E2ED785EE05D.d.46BA7E2A360F0806844D44A3E4F59930.e.43/click HTTP/1.1
User-Agent: selenium/4.11.0 (java windows)
Content-Length: 88
Content-Type: application/json; charset=utf-8
host: localhost:13313
accept: */*

Response DefaultHttpResponse(decodeResult: success, version: HTTP/1.1)
HTTP/1.1 200 OK
Content-Length: 14
Content-Type: application/json; charset=utf-8
cache-control: no-cache

[DEBUG] Adding key: http://localhost:13313 for channel [id: 0x13e74948, L:/127.0.0.1:58186 - R:localhost/127.0.0.1:13313]
[DEBUG] Using pooled Channel '[id: 0x13e74948, L:/127.0.0.1:58186 - R:localhost/127.0.0.1:13313]' for 'POST' to 'http://localhost:13313/session/688b3cbb39740f8848b7cf8ba34bdfb0/element'
[DEBUG] Using open Channel [id: 0x13e74948, L:/127.0.0.1:58186 - R:localhost/127.0.0.1:13313] for POST '/session/688b3cbb39740f8848b7cf8ba34bdfb0/element'
[DEBUG] 

Request DefaultHttpRequest(decodeResult: success, version: HTTP/1.1)
POST /session/688b3cbb39740f8848b7cf8ba34bdfb0/element HTTP/1.1
User-Agent: selenium/4.11.0 (java windows)
Content-Length: 79
Content-Type: application/json; charset=utf-8
host: localhost:13313
accept: */*

Response DefaultHttpResponse(decodeResult: success, version: HTTP/1.1)
HTTP/1.1 200 OK
Content-Length: 126
Content-Type: application/json; charset=utf-8
cache-control: no-cache

[DEBUG] Adding key: http://localhost:13313 for channel [id: 0x13e74948, L:/127.0.0.1:58186 - R:localhost/127.0.0.1:13313]
[DEBUG] Using pooled Channel '[id: 0x13e74948, L:/127.0.0.1:58186 - R:localhost/127.0.0.1:13313]' for 'POST' to 'http://localhost:13313/session/688b3cbb39740f8848b7cf8ba34bdfb0/element/f.C197E23CFD262BB27990E2ED785EE05D.d.B21080BADE75FD0D7A241664D4AF28D1.e.90/click'
[DEBUG] Using open Channel [id: 0x13e74948, L:/127.0.0.1:58186 - R:localhost/127.0.0.1:13313] for POST '/session/688b3cbb39740f8848b7cf8ba34bdfb0/element/f.C197E23CFD262BB27990E2ED785EE05D.d.B21080BADE75FD0D7A241664D4AF28D1.e.90/click'
[DEBUG] Entry count for : http://localhost:41638 : 1
[DEBUG] Entry count for : http://localhost:58187 : 1
[DEBUG] 

Request DefaultHttpRequest(decodeResult: success, version: HTTP/1.1)
POST /session/688b3cbb39740f8848b7cf8ba34bdfb0/element/f.C197E23CFD262BB27990E2ED785EE05D.d.B21080BADE75FD0D7A241664D4AF28D1.e.90/click HTTP/1.1
User-Agent: selenium/4.11.0 (java windows)
Content-Length: 88
Content-Type: application/json; charset=utf-8
host: localhost:13313
accept: */*

Response DefaultHttpResponse(decodeResult: success, version: HTTP/1.1)
HTTP/1.1 200 OK
Content-Length: 14
Content-Type: application/json; charset=utf-8
cache-control: no-cache

[DEBUG] Adding key: http://localhost:13313 for channel [id: 0x13e74948, L:/127.0.0.1:58186 - R:localhost/127.0.0.1:13313]
[DEBUG] Using pooled Channel '[id: 0x13e74948, L:/127.0.0.1:58186 - R:localhost/127.0.0.1:13313]' for 'GET' to 'http://localhost:13313/session/688b3cbb39740f8848b7cf8ba34bdfb0/url'
[DEBUG] Using open Channel [id: 0x13e74948, L:/127.0.0.1:58186 - R:localhost/127.0.0.1:13313] for GET '/session/688b3cbb39740f8848b7cf8ba34bdfb0/url'
[DEBUG] 

Request DefaultFullHttpRequest(decodeResult: success, version: HTTP/1.1, content: EmptyByteBufBE)
GET /session/688b3cbb39740f8848b7cf8ba34bdfb0/url HTTP/1.1
User-Agent: selenium/4.11.0 (java windows)
Cache-Control: no-cache
Content-Type: application/json; charset=utf-8
host: localhost:13313
accept: */*

Response DefaultHttpResponse(decodeResult: success, version: HTTP/1.1)
HTTP/1.1 200 OK
Content-Length: 68
Content-Type: application/json; charset=utf-8
cache-control: no-cache

[DEBUG] Adding key: http://localhost:13313 for channel [id: 0x13e74948, L:/127.0.0.1:58186 - R:localhost/127.0.0.1:13313]
Correct page
[DEBUG] Using pooled Channel '[id: 0x13e74948, L:/127.0.0.1:58186 - R:localhost/127.0.0.1:13313]' for 'POST' to 'http://localhost:13313/session/688b3cbb39740f8848b7cf8ba34bdfb0/element'
[DEBUG] Using open Channel [id: 0x13e74948, L:/127.0.0.1:58186 - R:localhost/127.0.0.1:13313] for POST '/session/688b3cbb39740f8848b7cf8ba34bdfb0/element'
[DEBUG] 

Request DefaultHttpRequest(decodeResult: success, version: HTTP/1.1)
POST /session/688b3cbb39740f8848b7cf8ba34bdfb0/element HTTP/1.1
User-Agent: selenium/4.11.0 (java windows)
Content-Length: 59
Content-Type: application/json; charset=utf-8
host: localhost:13313
accept: */*

Response DefaultHttpResponse(decodeResult: success, version: HTTP/1.1)
HTTP/1.1 200 OK
Content-Length: 127
Content-Type: application/json; charset=utf-8
cache-control: no-cache

[DEBUG] Adding key: http://localhost:13313 for channel [id: 0x13e74948, L:/127.0.0.1:58186 - R:localhost/127.0.0.1:13313]
[DEBUG] Using pooled Channel '[id: 0x13e74948, L:/127.0.0.1:58186 - R:localhost/127.0.0.1:13313]' for 'POST' to 'http://localhost:13313/session/688b3cbb39740f8848b7cf8ba34bdfb0/element/f.C197E23CFD262BB27990E2ED785EE05D.d.7384DEF191EFAEF7D8C70ACD77B89D7B.e.101/value'
[DEBUG] Using open Channel [id: 0x13e74948, L:/127.0.0.1:58186 - R:localhost/127.0.0.1:13313] for POST '/session/688b3cbb39740f8848b7cf8ba34bdfb0/element/f.C197E23CFD262BB27990E2ED785EE05D.d.7384DEF191EFAEF7D8C70ACD77B89D7B.e.101/value'
[DEBUG] 

Request DefaultHttpRequest(decodeResult: success, version: HTTP/1.1)
POST /session/688b3cbb39740f8848b7cf8ba34bdfb0/element/f.C197E23CFD262BB27990E2ED785EE05D.d.7384DEF191EFAEF7D8C70ACD77B89D7B.e.101/value HTTP/1.1
User-Agent: selenium/4.11.0 (java windows)
Content-Length: 290
Content-Type: application/json; charset=utf-8
host: localhost:13313
accept: */*

Response DefaultHttpResponse(decodeResult: success, version: HTTP/1.1)
HTTP/1.1 200 OK
Content-Length: 14
Content-Type: application/json; charset=utf-8
cache-control: no-cache

[DEBUG] Adding key: http://localhost:13313 for channel [id: 0x13e74948, L:/127.0.0.1:58186 - R:localhost/127.0.0.1:13313]
[DEBUG] Using pooled Channel '[id: 0x13e74948, L:/127.0.0.1:58186 - R:localhost/127.0.0.1:13313]' for 'POST' to 'http://localhost:13313/session/688b3cbb39740f8848b7cf8ba34bdfb0/element'
[DEBUG] Using open Channel [id: 0x13e74948, L:/127.0.0.1:58186 - R:localhost/127.0.0.1:13313] for POST '/session/688b3cbb39740f8848b7cf8ba34bdfb0/element'
[DEBUG] 

Request DefaultHttpRequest(decodeResult: success, version: HTTP/1.1)
POST /session/688b3cbb39740f8848b7cf8ba34bdfb0/element HTTP/1.1
User-Agent: selenium/4.11.0 (java windows)
Content-Length: 62
Content-Type: application/json; charset=utf-8
host: localhost:13313
accept: */*

Response DefaultHttpResponse(decodeResult: success, version: HTTP/1.1)
HTTP/1.1 200 OK
Content-Length: 127
Content-Type: application/json; charset=utf-8
cache-control: no-cache

[DEBUG] Adding key: http://localhost:13313 for channel [id: 0x13e74948, L:/127.0.0.1:58186 - R:localhost/127.0.0.1:13313]
[DEBUG] Using pooled Channel '[id: 0x13e74948, L:/127.0.0.1:58186 - R:localhost/127.0.0.1:13313]' for 'POST' to 'http://localhost:13313/session/688b3cbb39740f8848b7cf8ba34bdfb0/element/f.C197E23CFD262BB27990E2ED785EE05D.d.7384DEF191EFAEF7D8C70ACD77B89D7B.e.102/value'
[DEBUG] Using open Channel [id: 0x13e74948, L:/127.0.0.1:58186 - R:localhost/127.0.0.1:13313] for POST '/session/688b3cbb39740f8848b7cf8ba34bdfb0/element/f.C197E23CFD262BB27990E2ED785EE05D.d.7384DEF191EFAEF7D8C70ACD77B89D7B.e.102/value'
[DEBUG] 

Request DefaultHttpRequest(decodeResult: success, version: HTTP/1.1)
POST /session/688b3cbb39740f8848b7cf8ba34bdfb0/element/f.C197E23CFD262BB27990E2ED785EE05D.d.7384DEF191EFAEF7D8C70ACD77B89D7B.e.102/value HTTP/1.1
User-Agent: selenium/4.11.0 (java windows)
Content-Length: 160
Content-Type: application/json; charset=utf-8
host: localhost:13313
accept: */*

Response DefaultHttpResponse(decodeResult: success, version: HTTP/1.1)
HTTP/1.1 200 OK
Content-Length: 14
Content-Type: application/json; charset=utf-8
cache-control: no-cache

[DEBUG] Adding key: http://localhost:13313 for channel [id: 0x13e74948, L:/127.0.0.1:58186 - R:localhost/127.0.0.1:13313]
[DEBUG] Using pooled Channel '[id: 0x13e74948, L:/127.0.0.1:58186 - R:localhost/127.0.0.1:13313]' for 'POST' to 'http://localhost:13313/session/688b3cbb39740f8848b7cf8ba34bdfb0/element'
[DEBUG] Using open Channel [id: 0x13e74948, L:/127.0.0.1:58186 - R:localhost/127.0.0.1:13313] for POST '/session/688b3cbb39740f8848b7cf8ba34bdfb0/element'
[DEBUG] 

Request DefaultHttpRequest(decodeResult: success, version: HTTP/1.1)
POST /session/688b3cbb39740f8848b7cf8ba34bdfb0/element HTTP/1.1
User-Agent: selenium/4.11.0 (java windows)
Content-Length: 63
Content-Type: application/json; charset=utf-8
host: localhost:13313
accept: */*

Response DefaultHttpResponse(decodeResult: success, version: HTTP/1.1)
HTTP/1.1 200 OK
Content-Length: 127
Content-Type: application/json; charset=utf-8
cache-control: no-cache

[DEBUG] Adding key: http://localhost:13313 for channel [id: 0x13e74948, L:/127.0.0.1:58186 - R:localhost/127.0.0.1:13313]
[DEBUG] Using pooled Channel '[id: 0x13e74948, L:/127.0.0.1:58186 - R:localhost/127.0.0.1:13313]' for 'POST' to 'http://localhost:13313/session/688b3cbb39740f8848b7cf8ba34bdfb0/element/f.C197E23CFD262BB27990E2ED785EE05D.d.7384DEF191EFAEF7D8C70ACD77B89D7B.e.103/value'
[DEBUG] Using open Channel [id: 0x13e74948, L:/127.0.0.1:58186 - R:localhost/127.0.0.1:13313] for POST '/session/688b3cbb39740f8848b7cf8ba34bdfb0/element/f.C197E23CFD262BB27990E2ED785EE05D.d.7384DEF191EFAEF7D8C70ACD77B89D7B.e.103/value'
[DEBUG] 

Request DefaultHttpRequest(decodeResult: success, version: HTTP/1.1)
POST /session/688b3cbb39740f8848b7cf8ba34bdfb0/element/f.C197E23CFD262BB27990E2ED785EE05D.d.7384DEF191EFAEF7D8C70ACD77B89D7B.e.103/value HTTP/1.1
User-Agent: selenium/4.11.0 (java windows)
Content-Length: 180
Content-Type: application/json; charset=utf-8
host: localhost:13313
accept: */*

Response DefaultHttpResponse(decodeResult: success, version: HTTP/1.1)
HTTP/1.1 200 OK
Content-Length: 14
Content-Type: application/json; charset=utf-8
cache-control: no-cache

[DEBUG] Adding key: http://localhost:13313 for channel [id: 0x13e74948, L:/127.0.0.1:58186 - R:localhost/127.0.0.1:13313]
[DEBUG] Using pooled Channel '[id: 0x13e74948, L:/127.0.0.1:58186 - R:localhost/127.0.0.1:13313]' for 'POST' to 'http://localhost:13313/session/688b3cbb39740f8848b7cf8ba34bdfb0/element'
[DEBUG] Using open Channel [id: 0x13e74948, L:/127.0.0.1:58186 - R:localhost/127.0.0.1:13313] for POST '/session/688b3cbb39740f8848b7cf8ba34bdfb0/element'
[DEBUG] 

Request DefaultHttpRequest(decodeResult: success, version: HTTP/1.1)
POST /session/688b3cbb39740f8848b7cf8ba34bdfb0/element HTTP/1.1
User-Agent: selenium/4.11.0 (java windows)
Content-Length: 62
Content-Type: application/json; charset=utf-8
host: localhost:13313
accept: */*

Response DefaultHttpResponse(decodeResult: success, version: HTTP/1.1)
HTTP/1.1 200 OK
Content-Length: 127
Content-Type: application/json; charset=utf-8
cache-control: no-cache

[DEBUG] Adding key: http://localhost:13313 for channel [id: 0x13e74948, L:/127.0.0.1:58186 - R:localhost/127.0.0.1:13313]
[DEBUG] Using pooled Channel '[id: 0x13e74948, L:/127.0.0.1:58186 - R:localhost/127.0.0.1:13313]' for 'POST' to 'http://localhost:13313/session/688b3cbb39740f8848b7cf8ba34bdfb0/element/f.C197E23CFD262BB27990E2ED785EE05D.d.7384DEF191EFAEF7D8C70ACD77B89D7B.e.104/value'
[DEBUG] Using open Channel [id: 0x13e74948, L:/127.0.0.1:58186 - R:localhost/127.0.0.1:13313] for POST '/session/688b3cbb39740f8848b7cf8ba34bdfb0/element/f.C197E23CFD262BB27990E2ED785EE05D.d.7384DEF191EFAEF7D8C70ACD77B89D7B.e.104/value'
[DEBUG] Entry count for : http://localhost:41638 : 1
[DEBUG] Entry count for : http://localhost:58187 : 1
[DEBUG] 

Request DefaultHttpRequest(decodeResult: success, version: HTTP/1.1)
POST /session/688b3cbb39740f8848b7cf8ba34bdfb0/element/f.C197E23CFD262BB27990E2ED785EE05D.d.7384DEF191EFAEF7D8C70ACD77B89D7B.e.104/value HTTP/1.1
User-Agent: selenium/4.11.0 (java windows)
Content-Length: 220
Content-Type: application/json; charset=utf-8
host: localhost:13313
accept: */*

Response DefaultHttpResponse(decodeResult: success, version: HTTP/1.1)
HTTP/1.1 200 OK
Content-Length: 14
Content-Type: application/json; charset=utf-8
cache-control: no-cache

[DEBUG] Adding key: http://localhost:13313 for channel [id: 0x13e74948, L:/127.0.0.1:58186 - R:localhost/127.0.0.1:13313]
[DEBUG] Using pooled Channel '[id: 0x13e74948, L:/127.0.0.1:58186 - R:localhost/127.0.0.1:13313]' for 'POST' to 'http://localhost:13313/session/688b3cbb39740f8848b7cf8ba34bdfb0/element'
[DEBUG] Using open Channel [id: 0x13e74948, L:/127.0.0.1:58186 - R:localhost/127.0.0.1:13313] for POST '/session/688b3cbb39740f8848b7cf8ba34bdfb0/element'
[DEBUG] 

Request DefaultHttpRequest(decodeResult: success, version: HTTP/1.1)
POST /session/688b3cbb39740f8848b7cf8ba34bdfb0/element HTTP/1.1
User-Agent: selenium/4.11.0 (java windows)
Content-Length: 65
Content-Type: application/json; charset=utf-8
host: localhost:13313
accept: */*

Response DefaultHttpResponse(decodeResult: success, version: HTTP/1.1)
HTTP/1.1 200 OK
Content-Length: 127
Content-Type: application/json; charset=utf-8
cache-control: no-cache

[DEBUG] Adding key: http://localhost:13313 for channel [id: 0x13e74948, L:/127.0.0.1:58186 - R:localhost/127.0.0.1:13313]
[DEBUG] Using pooled Channel '[id: 0x13e74948, L:/127.0.0.1:58186 - R:localhost/127.0.0.1:13313]' for 'POST' to 'http://localhost:13313/session/688b3cbb39740f8848b7cf8ba34bdfb0/element/f.C197E23CFD262BB27990E2ED785EE05D.d.7384DEF191EFAEF7D8C70ACD77B89D7B.e.107/value'
[DEBUG] Using open Channel [id: 0x13e74948, L:/127.0.0.1:58186 - R:localhost/127.0.0.1:13313] for POST '/session/688b3cbb39740f8848b7cf8ba34bdfb0/element/f.C197E23CFD262BB27990E2ED785EE05D.d.7384DEF191EFAEF7D8C70ACD77B89D7B.e.107/value'
[DEBUG] 

Request DefaultHttpRequest(decodeResult: success, version: HTTP/1.1)
POST /session/688b3cbb39740f8848b7cf8ba34bdfb0/element/f.C197E23CFD262BB27990E2ED785EE05D.d.7384DEF191EFAEF7D8C70ACD77B89D7B.e.107/value HTTP/1.1
User-Agent: selenium/4.11.0 (java windows)
Content-Length: 240
Content-Type: application/json; charset=utf-8
host: localhost:13313
accept: */*

Response DefaultHttpResponse(decodeResult: success, version: HTTP/1.1)
HTTP/1.1 200 OK
Content-Length: 14
Content-Type: application/json; charset=utf-8
cache-control: no-cache

[DEBUG] Adding key: http://localhost:13313 for channel [id: 0x13e74948, L:/127.0.0.1:58186 - R:localhost/127.0.0.1:13313]
[DEBUG] Using pooled Channel '[id: 0x13e74948, L:/127.0.0.1:58186 - R:localhost/127.0.0.1:13313]' for 'POST' to 'http://localhost:13313/session/688b3cbb39740f8848b7cf8ba34bdfb0/element'
[DEBUG] Using open Channel [id: 0x13e74948, L:/127.0.0.1:58186 - R:localhost/127.0.0.1:13313] for POST '/session/688b3cbb39740f8848b7cf8ba34bdfb0/element'
[DEBUG] 

Request DefaultHttpRequest(decodeResult: success, version: HTTP/1.1)
POST /session/688b3cbb39740f8848b7cf8ba34bdfb0/element HTTP/1.1
User-Agent: selenium/4.11.0 (java windows)
Content-Length: 71
Content-Type: application/json; charset=utf-8
host: localhost:13313
accept: */*

Response DefaultHttpResponse(decodeResult: success, version: HTTP/1.1)
HTTP/1.1 200 OK
Content-Length: 127
Content-Type: application/json; charset=utf-8
cache-control: no-cache

[DEBUG] Adding key: http://localhost:13313 for channel [id: 0x13e74948, L:/127.0.0.1:58186 - R:localhost/127.0.0.1:13313]
[DEBUG] Using pooled Channel '[id: 0x13e74948, L:/127.0.0.1:58186 - R:localhost/127.0.0.1:13313]' for 'POST' to 'http://localhost:13313/session/688b3cbb39740f8848b7cf8ba34bdfb0/element/f.C197E23CFD262BB27990E2ED785EE05D.d.7384DEF191EFAEF7D8C70ACD77B89D7B.e.105/click'
[DEBUG] Using open Channel [id: 0x13e74948, L:/127.0.0.1:58186 - R:localhost/127.0.0.1:13313] for POST '/session/688b3cbb39740f8848b7cf8ba34bdfb0/element/f.C197E23CFD262BB27990E2ED785EE05D.d.7384DEF191EFAEF7D8C70ACD77B89D7B.e.105/click'
[DEBUG] 

Request DefaultHttpRequest(decodeResult: success, version: HTTP/1.1)
POST /session/688b3cbb39740f8848b7cf8ba34bdfb0/element/f.C197E23CFD262BB27990E2ED785EE05D.d.7384DEF191EFAEF7D8C70ACD77B89D7B.e.105/click HTTP/1.1
User-Agent: selenium/4.11.0 (java windows)
Content-Length: 89
Content-Type: application/json; charset=utf-8
host: localhost:13313
accept: */*

Response DefaultHttpResponse(decodeResult: success, version: HTTP/1.1)
HTTP/1.1 200 OK
Content-Length: 14
Content-Type: application/json; charset=utf-8
cache-control: no-cache

[DEBUG] Adding key: http://localhost:13313 for channel [id: 0x13e74948, L:/127.0.0.1:58186 - R:localhost/127.0.0.1:13313]
[DEBUG] Using pooled Channel '[id: 0x13e74948, L:/127.0.0.1:58186 - R:localhost/127.0.0.1:13313]' for 'POST' to 'http://localhost:13313/session/688b3cbb39740f8848b7cf8ba34bdfb0/element'
[DEBUG] Using open Channel [id: 0x13e74948, L:/127.0.0.1:58186 - R:localhost/127.0.0.1:13313] for POST '/session/688b3cbb39740f8848b7cf8ba34bdfb0/element'
[DEBUG] 

Request DefaultHttpRequest(decodeResult: success, version: HTTP/1.1)
POST /session/688b3cbb39740f8848b7cf8ba34bdfb0/element HTTP/1.1
User-Agent: selenium/4.11.0 (java windows)
Content-Length: 127
Content-Type: application/json; charset=utf-8
host: localhost:13313
accept: */*

Response DefaultHttpResponse(decodeResult: success, version: HTTP/1.1)
HTTP/1.1 200 OK
Content-Length: 127
Content-Type: application/json; charset=utf-8
cache-control: no-cache

[DEBUG] Adding key: http://localhost:13313 for channel [id: 0x13e74948, L:/127.0.0.1:58186 - R:localhost/127.0.0.1:13313]
[DEBUG] Using pooled Channel '[id: 0x13e74948, L:/127.0.0.1:58186 - R:localhost/127.0.0.1:13313]' for 'POST' to 'http://localhost:13313/session/688b3cbb39740f8848b7cf8ba34bdfb0/element/f.C197E23CFD262BB27990E2ED785EE05D.d.7384DEF191EFAEF7D8C70ACD77B89D7B.e.120/click'
[DEBUG] Using open Channel [id: 0x13e74948, L:/127.0.0.1:58186 - R:localhost/127.0.0.1:13313] for POST '/session/688b3cbb39740f8848b7cf8ba34bdfb0/element/f.C197E23CFD262BB27990E2ED785EE05D.d.7384DEF191EFAEF7D8C70ACD77B89D7B.e.120/click'
[DEBUG] Entry count for : http://localhost:41638 : 1
[DEBUG] Entry count for : http://localhost:58187 : 1
[DEBUG] Entry count for : http://localhost:41638 : 1
[DEBUG] Entry count for : http://localhost:58187 : 1
[DEBUG] 

Request DefaultHttpRequest(decodeResult: success, version: HTTP/1.1)
POST /session/688b3cbb39740f8848b7cf8ba34bdfb0/element/f.C197E23CFD262BB27990E2ED785EE05D.d.7384DEF191EFAEF7D8C70ACD77B89D7B.e.120/click HTTP/1.1
User-Agent: selenium/4.11.0 (java windows)
Content-Length: 89
Content-Type: application/json; charset=utf-8
host: localhost:13313
accept: */*

Response DefaultHttpResponse(decodeResult: success, version: HTTP/1.1)
HTTP/1.1 200 OK
Content-Length: 14
Content-Type: application/json; charset=utf-8
cache-control: no-cache

[DEBUG] Adding key: http://localhost:13313 for channel [id: 0x13e74948, L:/127.0.0.1:58186 - R:localhost/127.0.0.1:13313]
[DEBUG] Using pooled Channel '[id: 0x13e74948, L:/127.0.0.1:58186 - R:localhost/127.0.0.1:13313]' for 'DELETE' to 'http://localhost:13313/session/688b3cbb39740f8848b7cf8ba34bdfb0/window'
[DEBUG] Using open Channel [id: 0x13e74948, L:/127.0.0.1:58186 - R:localhost/127.0.0.1:13313] for DELETE '/session/688b3cbb39740f8848b7cf8ba34bdfb0/window'
[DEBUG] Channel Closed: [id: 0xefcb4d7c, L:/127.0.0.1:58195 ! R:localhost/127.0.0.1:58187] with attribute NettyResponseFuture{currentRetry=0,
	isDone=1,
	isCancelled=0,
	asyncHandler=org.asynchttpclient.ws.WebSocketUpgradeHandler@3eff0273,
	nettyRequest=org.asynchttpclient.netty.request.NettyRequest@7bfd8bc8,
	future=java.util.concurrent.CompletableFuture@743dbac5[Completed normally],
	uri=ws://localhost:58187/devtools/browser/741a6054-9af7-4f43-98ca-9b115dc34ed6,
	keepAlive=true,
	redirectCount=0,
	timeoutsHolder=null,
	inAuth=0,
	touch=1710952962427}
[DEBUG] Closing Channel [id: 0xefcb4d7c, L:/127.0.0.1:58195 ! R:localhost/127.0.0.1:58187] 
[DEBUG] Channel Closed: [id: 0x01c5b261, L:/127.0.0.1:58194 ! R:localhost/127.0.0.1:58187] with attribute DISCARD
[DEBUG] 

Request DefaultFullHttpRequest(decodeResult: success, version: HTTP/1.1, content: EmptyByteBufBE)
DELETE /session/688b3cbb39740f8848b7cf8ba34bdfb0/window HTTP/1.1
User-Agent: selenium/4.11.0 (java windows)
Content-Type: application/json; charset=utf-8
host: localhost:13313
accept: */*

Response DefaultHttpResponse(decodeResult: success, version: HTTP/1.1)
HTTP/1.1 200 OK
Content-Length: 12
Content-Type: application/json; charset=utf-8
cache-control: no-cache

[DEBUG] Adding key: http://localhost:13313 for channel [id: 0x13e74948, L:/127.0.0.1:58186 - R:localhost/127.0.0.1:13313]
]]></system-out>
    <system-err><![CDATA[Mar 20, 2024 10:12:42 PM org.openqa.selenium.devtools.CdpVersionFinder findNearestMatch
WARNING: Unable to find CDP implementation matching 122
Mar 20, 2024 10:12:42 PM org.openqa.selenium.chromium.ChromiumDriver lambda$new$5
WARNING: Unable to find version of CDP to use for 122.0.6261.131. You may need to include a dependency on a specific version of the CDP using something similar to `org.seleniumhq.selenium:selenium-devtools-v86:4.11.0` where the version ("v86") matches the version of the chromium-based browser you're using and the version number of the artifact is the same as Selenium's.
]]></system-err>
  </testcase>
</testsuite>